
ROM used:   4013/8192 (49%)
            4015/8192 (49%) including unused fragments

            1.1 Average locations per line
            9.2 Average locations per statement

RAM used:   119/368 (32%) at main() level
            153/368 (42%) worst case

Stack used: 7 worst case (6 in main + 1 for interrupts)
Stack size: 8

Lines Stmts  %   Files
----- ----- ---  -----
  132    51  12  helipuerto_final.c
  671     0   0  ..\..\..\..\..\..\..\Program Files (x86)\PICC\Devices\16f877a.h
 2229   257  59  ..\..\..\..\..\..\..\Program Files (x86)\PICC\Drivers\math.h
  456    84  19  ..\..\..\..\..\..\..\Program Files (x86)\PICC\Drivers\lcd.c
  110    24   5  MPU6050.c
  146    21   5  servo_st.c
----- -----
 3744   437 Total

Page ROM  %  RAM   Vol Diff  Functions:
---- --- --- ---   --- ----  ----------
 Inline         4   596  5.9  @SFTOI
0    119   3   13   179  3.3  @MULFF
1    326   8   16   460  4.7  @ADDFF
0    204   5   14   238  4.0  @DIVFF
0     39   1    2    66  2.6  @SITOF
0     20   0    1             @delay_ms1
 Inline         3             @I2C_READ_1
0     92   2    1             @I2C_WRITE_1
 Inline         3   596  5.9  lcd_read_byte
0      6   0    0    59  4.2  lcd_read_nibble
0     19   0    1   179  3.3  lcd_send_nibble
0     82   2    3   460  4.7  lcd_send_byte
0     76   2    6   814  7.2  lcd_init
0     20   0    4   208  6.3  lcd_gotoxy
0     58   1    1   354  4.7  lcd_putc
0     76   2    2   102  1.8  mpu6050_write
0    204   5    2   174  2.4  mpu6050_read
0     26   1    0    88  1.7  mpu6050_init
0     70   2   12   140  3.5  mpu6050_get_ax
1     78   2   12   140  3.5  mpu6050_get_ay
1     78   2   12   140  3.5  mpu6050_get_az
1     79   2   12   140  3.5  mpu6050_get_gx
1     79   2   12   140  3.5  mpu6050_get_gy
1     79   2   12   140  3.5  mpu6050_get_gz
1    110   3   14   166  3.6  mpu6050_get_temp
0     53   1    0   277  4.2  timer_0
0     14   0    0    78  1.6  servo_init
1    129   3   14   156  5.1  map_int
 Inline         5             @MUL1616
 Inline         5             @DIV1616
0     24   1    1    85  2.3  servo_1_write
0     24   1    1    83  2.5  servo_2_write
1     59   1    4    43  1.8  round_to_int
0    127   3    0   143  1.7  mostrar_menu_pid
0     11   0    0             @const880
0    122   3    5             @PSTRINGCN7_794
 Inline         5             @FTOSD
0     81   2   13             @DIV3232
0    244   6   13     3  0.0  @PRINTF_L32D_794FPFPF
0     11   0    0  1742  6.4  @const891
0      3   0    0     3  0.0  ajustar_pid
1    950  24    4  1742  6.4  MAIN
0      6   0    0             @const896
0    118   3    4             @PSTRINGC7_794
0      9   0    0             @const898
0      9   0    0             @const899
 Inline         0             @cinit1

Program metrics:
    Functions               33
    Statements              437
    Comments                570
    Volume (V)              17899
    Difficulty (D)          119.7
    Effort to implement (E) 2141675
    Time to implement (T)   33 hours, 3 minutes
    Est Delivered Bugs (B)  6
    Cyclomatic Complexity   20
    Maintainability (MI)    104

 Segment     Used  Free
-----------  ----  ----
00000-00003     4  0  
00004-0004E    75  0  
0004F-007FF  1967  2  
00800-00FFF  1967  81  
01000-017FF     0  2048  
01800-01FFF     0  2048  



