
ROM used:   2638/8192 (32%)
            2727/8192 (33%) including unused fragments

            0.7 Average locations per line
            6.5 Average locations per statement

RAM used:   58/368 (16%) at main() level
            87/368 (24%) worst case

Stack used: 6 worst case (5 in main + 1 for interrupts)
Stack size: 8

Lines Stmts  %   Files
----- ----- ---  -----
   52    18   4  presentacion_pi.c
  671     0   0  ..\..\..\..\..\..\..\Program Files (x86)\PICC\Devices\16f877a.h
 2229   257  64  ..\..\..\..\..\..\..\Program Files (x86)\PICC\Drivers\math.h
  456    84  21  ..\..\..\..\..\..\..\Program Files (x86)\PICC\Drivers\lcd.c
  110    24   6  MPU6050.c
  146    21   5  servo_st.c
----- -----
 3664   404 Total

Page ROM  %  RAM   Vol Diff  Functions:
---- --- --- ---   --- ----  ----------
 Inline        13   179  3.3  @MULFF
 Inline        16   460  4.7  @ADDFF
0    202   8   14   238  4.0  @DIVFF
0     37   1    2    66  2.6  @SITOF
0     20   1    1             @delay_ms1
 Inline         3             @I2C_READ_1
0     92   3    1             @I2C_WRITE_1
 Inline         3   596  5.9  lcd_read_byte
0      6   0    0    59  4.2  lcd_read_nibble
0     17   1    1   179  3.3  lcd_send_nibble
0     66   3    3   460  4.7  lcd_send_byte
0     62   2    6   814  7.2  lcd_init
0     18   1    4   208  6.3  lcd_gotoxy
0     44   2    1   354  4.7  lcd_putc
0     72   3    2   102  1.8  mpu6050_write
0    196   7    2   174  2.4  mpu6050_read
0     18   1    0    88  1.7  mpu6050_init
0     60   2   12   140  3.5  mpu6050_get_ax
0     60   2   12   140  3.5  mpu6050_get_ay
0     60   2   12   140  3.5  mpu6050_get_az
0     61   2   12   140  3.5  mpu6050_get_gx
0     61   2   12   140  3.5  mpu6050_get_gy
0     61   2   12   140  3.5  mpu6050_get_gz
0    409  16   14   166  3.6  mpu6050_get_temp
0     53   2    0   277  4.2  timer_0
0     14   1    0    78  1.6  servo_init
1    237   9    1   514  2.8  MAIN
0      6   0    0             @const864
0     88   3    4             @PSTRINGC7_794
0      9   0    0             @const866
 Inline         5             @FTOSD
0     79   3   13             @DIV3232
1    351  13   13             @PRINTF_L32D_794FPFPF
1     91   3    5             @PSTRINGCN7_794
0      9   0    0             @const877
 Inline         0             @cinit1

Program metrics:
    Functions               24
    Statements              404
    Comments                500
    Volume (V)              10863
    Difficulty (D)          88.3
    Effort to implement (E) 959613
    Time to implement (T)   14 hours, 49 minutes
    Est Delivered Bugs (B)  3
    Cyclomatic Complexity   12
    Maintainability (MI)    129

 Segment     Used  Free
-----------  ----  ----
00000-00003     4  0  
00004-0004E    75  0  
0004F-007FF  1880  89  
00800-00FFF   679  1369  
01000-017FF     0  2048  
01800-01FFF     0  2048  



