>>> Warning 235 "helipuerto.c" Line 1(14,20): Unknown Pragma
>>> Warning 235 "helipuerto.c" Line 2(15,21): Unknown Pragma
>>> Warning 235 "helipuerto.c" Line 3(15,21): Unknown Pragma
>>> Warning 235 "helipuerto.c" Line 4(15,21): Unknown Pragma
>>> Warning 235 "helipuerto.c" Line 5(15,21): Unknown Pragma
>>> Warning 235 "helipuerto.c" Line 6(15,21): Unknown Pragma
>>> Warning 235 "helipuerto.c" Line 7(15,21): Unknown Pragma
>>> Warning 235 "helipuerto.c" Line 8(15,21): Unknown Pragma
>>> Warning 235 "helipuerto.c" Line 9(15,21): Unknown Pragma
>>> Warning 235 "helipuerto.c" Line 10(15,21): Unknown Pragma
>>> Warning 235 "helipuerto.c" Line 11(15,21): Unknown Pragma
>>> Warning 235 "helipuerto.c" Line 12(15,21): Unknown Pragma
>>> Warning 235 "helipuerto.c" Line 13(15,21): Unknown Pragma
*** Error 18 "C:\Users\harol\OneDrive\Documents\GitHub\helipuerto\corte 2 helipuerto\mpu6050.h" Line 5(30,36): File can not be opened
    Not in "C:\Program Files (x86)\PICC\Devices\xc.h"
    Not in "C:\Program Files (x86)\PICC\Drivers\xc.h"
    Not in "C:\Users\harol\OneDrive\Documents\GitHub\helipuerto\corte 2 helipuerto\xc.h"
    Not in local "xc.h"
    Not in local "C:\Users\harol\OneDrive\Documents\GitHub\helipuerto\corte 2 helipuerto\xc.h"
    Not in last "C:\Users\harol\OneDrive\Documents\GitHub\helipuerto\corte 2 helipuerto\xc.h"
    Not in project "C:\Users\harol\OneDrive\Documents\GitHub\helipuerto\corte 2 helipuerto\xc.h"
*** Error 18 "C:\Users\harol\OneDrive\Documents\GitHub\helipuerto\corte 2 helipuerto\mpu6050.h" Line 8(72,79): File can not be opened
    Not in local "i2c.h"
    Not in local "C:\Users\harol\OneDrive\Documents\GitHub\helipuerto\corte 2 helipuerto\i2c.h"
    Not in last "C:\Users\harol\OneDrive\Documents\GitHub\helipuerto\corte 2 helipuerto\i2c.h"
    Not in project "C:\Users\harol\OneDrive\Documents\GitHub\helipuerto\corte 2 helipuerto\i2c.h"
    Not in "C:\Users\harol\OneDrive\Documents\GitHub\helipuerto\corte 2 helipuerto\i2c.h"
    Not in "C:\Program Files (x86)\PICC\Devices\i2c.h"
    Not in "C:\Program Files (x86)\PICC\Drivers\i2c.h"
*** Error 12 "helipuerto.c" Line 30(5,15): Undefined identifier   ADCON1bits
*** Error 12 "helipuerto.c" Line 31(20,21): Undefined identifier  -- I2C_Init_Master
*** Error 12 "helipuerto.c" Line 47(18,19): Undefined identifier  -- Lcd_Clear
*** Error 12 "helipuerto.c" Line 48(23,24): Undefined identifier  -- Lcd_Set_Cursor
*** Error 12 "helipuerto.c" Line 50(25,26): Undefined identifier  -- Lcd_Write_String
*** Error 12 "helipuerto.c" Line 51(23,24): Undefined identifier  -- Lcd_Set_Cursor
*** Error 12 "helipuerto.c" Line 53(25,26): Undefined identifier  -- Lcd_Write_String
*** Error 12 "helipuerto.c" Line 54(23,24): Undefined identifier  -- Lcd_Set_Cursor
*** Error 12 "helipuerto.c" Line 56(25,26): Undefined identifier  -- Lcd_Write_String
*** Error 12 "helipuerto.c" Line 57(23,24): Undefined identifier  -- Lcd_Set_Cursor
*** Error 12 "helipuerto.c" Line 59(25,26): Undefined identifier  -- Lcd_Write_String
*** Error 12 "helipuerto.c" Line 60(23,24): Undefined identifier  -- Lcd_Set_Cursor
*** Error 12 "helipuerto.c" Line 62(25,26): Undefined identifier  -- Lcd_Write_String
*** Error 12 "helipuerto.c" Line 63(23,24): Undefined identifier  -- Lcd_Set_Cursor
*** Error 12 "helipuerto.c" Line 65(25,26): Undefined identifier  -- Lcd_Write_String
*** Error 12 "helipuerto.c" Line 66(23,24): Undefined identifier  -- Lcd_Set_Cursor
*** Error 12 "helipuerto.c" Line 68(25,26): Undefined identifier  -- Lcd_Write_String
*** Error 12 "helipuerto.c" Line 69(19,20): Undefined identifier  -- __delay_ms
      20 Errors,  13 Warnings.
Build Failed.
