CCS PCM C Compiler, Version 5.015, 5967               05-oct.-24 20:30

               Filename:   C:\Users\harol\OneDrive\Documents\GitHub\helipuerto\corte 2 helipuerto\helipuerto.lst

               ROM used:   2487 words (30%)
                           Largest free fragment is 2048
               RAM used:   34 (9%) at main() level
                           64 (17%) worst case
               Stack used: 5 locations
               Stack size: 8

*
0000:  MOVLW  09
0001:  MOVWF  0A
0002:  GOTO   15F
0003:  NOP
.................... #include <16f877a.h> 
.................... //////////// Standard Header file for the PIC16F877A device //////////////// 
.................... /////////////////////////////////////////////////////////////////////////// 
.................... ////        (C) Copyright 1996, 2013 Custom Computer Services          //// 
.................... //// This source code may only be used by licensed users of the CCS C  //// 
.................... //// compiler.  This source code may only be distributed to other      //// 
.................... //// licensed users of the CCS C compiler.  No other use, reproduction //// 
.................... //// or distribution is permitted without written permission.          //// 
.................... //// Derivative programs created using this software in object code    //// 
.................... //// form are not restricted in any way.                               //// 
.................... /////////////////////////////////////////////////////////////////////////// 
.................... #device PIC16F877A 
0004:  DATA 41,3C
0005:  DATA BA,12
0006:  DATA 30,17
0007:  DATA 32,33
0008:  DATA A0,20
0009:  DATA 79,1D
000A:  DATA 25,18
000B:  DATA 2E,19
000C:  DATA 66,00
000D:  DATA 41,3D
000E:  DATA BA,12
000F:  DATA 30,17
0010:  DATA 32,33
0011:  DATA A0,23
0012:  DATA 78,1D
0013:  DATA 25,18
0014:  DATA 2E,19
0015:  DATA 66,00
0016:  DATA C7,3C
0017:  DATA BA,12
0018:  DATA 30,17
0019:  DATA 32,33
001A:  DATA A0,23
001B:  DATA 7A,1D
001C:  DATA 25,18
001D:  DATA 2E,19
001E:  DATA 66,00
*
0244:  MOVLW  8E
0245:  MOVWF  77
0246:  MOVF   46,W
0247:  MOVWF  78
0248:  MOVF   45,W
0249:  MOVWF  79
024A:  CLRF   7A
024B:  BTFSS  46.7
024C:  GOTO   252
024D:  COMF   78,F
024E:  COMF   79,F
024F:  INCF   79,F
0250:  BTFSC  03.2
0251:  INCF   78,F
0252:  MOVF   78,F
0253:  BTFSS  03.2
0254:  GOTO   25F
0255:  MOVF   79,W
0256:  MOVWF  78
0257:  CLRF   79
0258:  MOVLW  08
0259:  SUBWF  77,F
025A:  MOVF   78,F
025B:  BTFSS  03.2
025C:  GOTO   25F
025D:  CLRF   77
025E:  GOTO   268
025F:  BCF    03.0
0260:  BTFSC  78.7
0261:  GOTO   266
0262:  RLF    79,F
0263:  RLF    78,F
0264:  DECF   77,F
0265:  GOTO   25F
0266:  BTFSS  46.7
0267:  BCF    78.7
0268:  RETURN
0269:  MOVF   49,W
026A:  BTFSC  03.2
026B:  GOTO   32E
026C:  MOVWF  55
026D:  MOVF   4D,W
026E:  BTFSC  03.2
026F:  GOTO   32E
0270:  SUBWF  55,F
0271:  BTFSS  03.0
0272:  GOTO   278
0273:  MOVLW  7F
0274:  ADDWF  55,F
0275:  BTFSC  03.0
0276:  GOTO   32E
0277:  GOTO   27E
0278:  MOVLW  81
0279:  SUBWF  55,F
027A:  BTFSS  03.0
027B:  GOTO   32E
027C:  BTFSC  03.2
027D:  GOTO   32E
027E:  MOVF   55,W
027F:  MOVWF  77
0280:  CLRF   78
0281:  CLRF   79
0282:  CLRF   7A
0283:  CLRF   54
0284:  MOVF   4A,W
0285:  MOVWF  53
0286:  BSF    53.7
0287:  MOVF   4B,W
0288:  MOVWF  52
0289:  MOVF   4C,W
028A:  MOVWF  51
028B:  MOVLW  19
028C:  MOVWF  55
028D:  MOVF   50,W
028E:  SUBWF  51,F
028F:  BTFSC  03.0
0290:  GOTO   2A1
0291:  MOVLW  01
0292:  SUBWF  52,F
0293:  BTFSC  03.0
0294:  GOTO   2A1
0295:  SUBWF  53,F
0296:  BTFSC  03.0
0297:  GOTO   2A1
0298:  SUBWF  54,F
0299:  BTFSC  03.0
029A:  GOTO   2A1
029B:  INCF   54,F
029C:  INCF   53,F
029D:  INCF   52,F
029E:  MOVF   50,W
029F:  ADDWF  51,F
02A0:  GOTO   2D3
02A1:  MOVF   4F,W
02A2:  SUBWF  52,F
02A3:  BTFSC  03.0
02A4:  GOTO   2BC
02A5:  MOVLW  01
02A6:  SUBWF  53,F
02A7:  BTFSC  03.0
02A8:  GOTO   2BC
02A9:  SUBWF  54,F
02AA:  BTFSC  03.0
02AB:  GOTO   2BC
02AC:  INCF   54,F
02AD:  INCF   53,F
02AE:  MOVF   4F,W
02AF:  ADDWF  52,F
02B0:  MOVF   50,W
02B1:  ADDWF  51,F
02B2:  BTFSS  03.0
02B3:  GOTO   2D3
02B4:  INCF   52,F
02B5:  BTFSS  03.2
02B6:  GOTO   2D3
02B7:  INCF   53,F
02B8:  BTFSS  03.2
02B9:  GOTO   2D3
02BA:  INCF   54,F
02BB:  GOTO   2D3
02BC:  MOVF   4E,W
02BD:  IORLW  80
02BE:  SUBWF  53,F
02BF:  BTFSC  03.0
02C0:  GOTO   2D2
02C1:  MOVLW  01
02C2:  SUBWF  54,F
02C3:  BTFSC  03.0
02C4:  GOTO   2D2
02C5:  INCF   54,F
02C6:  MOVF   4E,W
02C7:  IORLW  80
02C8:  ADDWF  53,F
02C9:  MOVF   4F,W
02CA:  ADDWF  52,F
02CB:  BTFSS  03.0
02CC:  GOTO   2B0
02CD:  INCF   53,F
02CE:  BTFSS  03.2
02CF:  GOTO   2B0
02D0:  INCF   54,F
02D1:  GOTO   2B0
02D2:  BSF    7A.0
02D3:  DECFSZ 55,F
02D4:  GOTO   2D6
02D5:  GOTO   2E1
02D6:  BCF    03.0
02D7:  RLF    51,F
02D8:  RLF    52,F
02D9:  RLF    53,F
02DA:  RLF    54,F
02DB:  BCF    03.0
02DC:  RLF    7A,F
02DD:  RLF    79,F
02DE:  RLF    78,F
02DF:  RLF    56,F
02E0:  GOTO   28D
02E1:  BTFSS  56.0
02E2:  GOTO   2E9
02E3:  BCF    03.0
02E4:  RRF    78,F
02E5:  RRF    79,F
02E6:  RRF    7A,F
02E7:  RRF    56,F
02E8:  GOTO   2EC
02E9:  DECF   77,F
02EA:  BTFSC  03.2
02EB:  GOTO   32E
02EC:  BTFSC  56.7
02ED:  GOTO   315
02EE:  BCF    03.0
02EF:  RLF    51,F
02F0:  RLF    52,F
02F1:  RLF    53,F
02F2:  RLF    54,F
02F3:  MOVF   50,W
02F4:  SUBWF  51,F
02F5:  BTFSC  03.0
02F6:  GOTO   301
02F7:  MOVLW  01
02F8:  SUBWF  52,F
02F9:  BTFSC  03.0
02FA:  GOTO   301
02FB:  SUBWF  53,F
02FC:  BTFSC  03.0
02FD:  GOTO   301
02FE:  SUBWF  54,F
02FF:  BTFSS  03.0
0300:  GOTO   324
0301:  MOVF   4F,W
0302:  SUBWF  52,F
0303:  BTFSC  03.0
0304:  GOTO   30C
0305:  MOVLW  01
0306:  SUBWF  53,F
0307:  BTFSC  03.0
0308:  GOTO   30C
0309:  SUBWF  54,F
030A:  BTFSS  03.0
030B:  GOTO   324
030C:  MOVF   4E,W
030D:  IORLW  80
030E:  SUBWF  53,F
030F:  BTFSC  03.0
0310:  GOTO   315
0311:  MOVLW  01
0312:  SUBWF  54,F
0313:  BTFSS  03.0
0314:  GOTO   324
0315:  INCF   7A,F
0316:  BTFSS  03.2
0317:  GOTO   324
0318:  INCF   79,F
0319:  BTFSS  03.2
031A:  GOTO   324
031B:  INCF   78,F
031C:  BTFSS  03.2
031D:  GOTO   324
031E:  INCF   77,F
031F:  BTFSC  03.2
0320:  GOTO   32E
0321:  RRF    78,F
0322:  RRF    79,F
0323:  RRF    7A,F
0324:  MOVF   4A,W
0325:  MOVWF  55
0326:  MOVF   4E,W
0327:  XORWF  55,F
0328:  BTFSS  55.7
0329:  GOTO   32C
032A:  BSF    78.7
032B:  GOTO   332
032C:  BCF    78.7
032D:  GOTO   332
032E:  CLRF   77
032F:  CLRF   78
0330:  CLRF   79
0331:  CLRF   7A
0332:  RETURN
*
04DF:  MOVLW  80
04E0:  BTFSC  03.1
04E1:  XORWF  50,F
04E2:  CLRF   55
04E3:  CLRF   56
04E4:  MOVF   4C,W
04E5:  MOVWF  54
04E6:  MOVF   50,W
04E7:  XORWF  54,F
04E8:  MOVF   4B,W
04E9:  BTFSC  03.2
04EA:  GOTO   5CF
04EB:  MOVWF  53
04EC:  MOVWF  77
04ED:  MOVF   4F,W
04EE:  BTFSC  03.2
04EF:  GOTO   5D8
04F0:  SUBWF  53,F
04F1:  BTFSC  03.2
04F2:  GOTO   574
04F3:  BTFSS  03.0
04F4:  GOTO   532
04F5:  MOVF   50,W
04F6:  MOVWF  59
04F7:  BSF    59.7
04F8:  MOVF   51,W
04F9:  MOVWF  58
04FA:  MOVF   52,W
04FB:  MOVWF  57
04FC:  CLRF   56
04FD:  BCF    03.0
04FE:  RRF    59,F
04FF:  RRF    58,F
0500:  RRF    57,F
0501:  RRF    56,F
0502:  DECFSZ 53,F
0503:  GOTO   4FC
0504:  BTFSS  54.7
0505:  GOTO   509
0506:  BSF    55.0
0507:  GOTO   5EC
0508:  BCF    55.0
0509:  BCF    53.0
050A:  BSF    55.4
050B:  MOVLW  4E
050C:  MOVWF  04
050D:  BCF    03.7
050E:  GOTO   601
050F:  BCF    55.4
0510:  BTFSC  54.7
0511:  GOTO   51C
0512:  BTFSS  53.0
0513:  GOTO   527
0514:  RRF    59,F
0515:  RRF    58,F
0516:  RRF    57,F
0517:  RRF    56,F
0518:  INCF   77,F
0519:  BTFSC  03.2
051A:  GOTO   5E7
051B:  GOTO   527
051C:  BTFSC  59.7
051D:  GOTO   52A
051E:  BCF    03.0
051F:  RLF    56,F
0520:  RLF    57,F
0521:  RLF    58,F
0522:  RLF    59,F
0523:  DECF   77,F
0524:  BTFSC  03.2
0525:  GOTO   5E7
0526:  GOTO   51C
0527:  BSF    55.6
0528:  GOTO   594
0529:  BCF    55.6
052A:  MOVF   4C,W
052B:  MOVWF  54
052C:  BTFSS  54.7
052D:  GOTO   530
052E:  BSF    59.7
052F:  GOTO   5E0
0530:  BCF    59.7
0531:  GOTO   5E0
0532:  MOVF   4F,W
0533:  MOVWF  53
0534:  MOVWF  77
0535:  MOVF   4B,W
0536:  SUBWF  53,F
0537:  MOVF   4C,W
0538:  MOVWF  59
0539:  BSF    59.7
053A:  MOVF   4D,W
053B:  MOVWF  58
053C:  MOVF   4E,W
053D:  MOVWF  57
053E:  CLRF   56
053F:  BCF    03.0
0540:  RRF    59,F
0541:  RRF    58,F
0542:  RRF    57,F
0543:  RRF    56,F
0544:  DECFSZ 53,F
0545:  GOTO   53E
0546:  BTFSS  54.7
0547:  GOTO   54B
0548:  BSF    55.1
0549:  GOTO   5EC
054A:  BCF    55.1
054B:  BCF    53.0
054C:  BSF    55.5
054D:  MOVLW  52
054E:  MOVWF  04
054F:  BCF    03.7
0550:  GOTO   601
0551:  BCF    55.5
0552:  BTFSC  54.7
0553:  GOTO   55E
0554:  BTFSS  53.0
0555:  GOTO   569
0556:  RRF    59,F
0557:  RRF    58,F
0558:  RRF    57,F
0559:  RRF    56,F
055A:  INCF   77,F
055B:  BTFSC  03.2
055C:  GOTO   5E7
055D:  GOTO   569
055E:  BTFSC  59.7
055F:  GOTO   56C
0560:  BCF    03.0
0561:  RLF    56,F
0562:  RLF    57,F
0563:  RLF    58,F
0564:  RLF    59,F
0565:  DECF   77,F
0566:  BTFSC  03.2
0567:  GOTO   5E7
0568:  GOTO   55E
0569:  BSF    55.7
056A:  GOTO   594
056B:  BCF    55.7
056C:  MOVF   50,W
056D:  MOVWF  54
056E:  BTFSS  54.7
056F:  GOTO   572
0570:  BSF    59.7
0571:  GOTO   5E0
0572:  BCF    59.7
0573:  GOTO   5E0
0574:  MOVF   50,W
0575:  MOVWF  59
0576:  BSF    59.7
0577:  MOVF   51,W
0578:  MOVWF  58
0579:  MOVF   52,W
057A:  MOVWF  57
057B:  BTFSS  54.7
057C:  GOTO   581
057D:  BCF    59.7
057E:  BSF    55.2
057F:  GOTO   5EC
0580:  BCF    55.2
0581:  CLRF   56
0582:  BCF    53.0
0583:  MOVLW  4E
0584:  MOVWF  04
0585:  BCF    03.7
0586:  GOTO   601
0587:  BTFSC  54.7
0588:  GOTO   5AA
0589:  MOVF   4C,W
058A:  MOVWF  54
058B:  BTFSS  53.0
058C:  GOTO   594
058D:  RRF    59,F
058E:  RRF    58,F
058F:  RRF    57,F
0590:  RRF    56,F
0591:  INCF   77,F
0592:  BTFSC  03.2
0593:  GOTO   5E7
0594:  BTFSS  56.7
0595:  GOTO   5A5
0596:  INCF   57,F
0597:  BTFSS  03.2
0598:  GOTO   5A5
0599:  INCF   58,F
059A:  BTFSS  03.2
059B:  GOTO   5A5
059C:  INCF   59,F
059D:  BTFSS  03.2
059E:  GOTO   5A5
059F:  RRF    59,F
05A0:  RRF    58,F
05A1:  RRF    57,F
05A2:  INCF   77,F
05A3:  BTFSC  03.2
05A4:  GOTO   5E7
05A5:  BTFSC  55.6
05A6:  GOTO   529
05A7:  BTFSC  55.7
05A8:  GOTO   56B
05A9:  GOTO   5C9
05AA:  MOVLW  80
05AB:  XORWF  59,F
05AC:  BTFSS  59.7
05AD:  GOTO   5B2
05AE:  GOTO   5EC
05AF:  MOVF   50,W
05B0:  MOVWF  54
05B1:  GOTO   5BF
05B2:  MOVF   4C,W
05B3:  MOVWF  54
05B4:  MOVF   59,F
05B5:  BTFSS  03.2
05B6:  GOTO   5BF
05B7:  MOVF   58,F
05B8:  BTFSS  03.2
05B9:  GOTO   5BF
05BA:  MOVF   57,F
05BB:  BTFSS  03.2
05BC:  GOTO   5BF
05BD:  CLRF   77
05BE:  GOTO   5E0
05BF:  BTFSC  59.7
05C0:  GOTO   5C9
05C1:  BCF    03.0
05C2:  RLF    56,F
05C3:  RLF    57,F
05C4:  RLF    58,F
05C5:  RLF    59,F
05C6:  DECFSZ 77,F
05C7:  GOTO   5BF
05C8:  GOTO   5E7
05C9:  BTFSS  54.7
05CA:  GOTO   5CD
05CB:  BSF    59.7
05CC:  GOTO   5E0
05CD:  BCF    59.7
05CE:  GOTO   5E0
05CF:  MOVF   4F,W
05D0:  MOVWF  77
05D1:  MOVF   50,W
05D2:  MOVWF  59
05D3:  MOVF   51,W
05D4:  MOVWF  58
05D5:  MOVF   52,W
05D6:  MOVWF  57
05D7:  GOTO   5E0
05D8:  MOVF   4B,W
05D9:  MOVWF  77
05DA:  MOVF   4C,W
05DB:  MOVWF  59
05DC:  MOVF   4D,W
05DD:  MOVWF  58
05DE:  MOVF   4E,W
05DF:  MOVWF  57
05E0:  MOVF   59,W
05E1:  MOVWF  78
05E2:  MOVF   58,W
05E3:  MOVWF  79
05E4:  MOVF   57,W
05E5:  MOVWF  7A
05E6:  GOTO   61F
05E7:  CLRF   77
05E8:  CLRF   78
05E9:  CLRF   79
05EA:  CLRF   7A
05EB:  GOTO   61F
05EC:  CLRF   56
05ED:  COMF   57,F
05EE:  COMF   58,F
05EF:  COMF   59,F
05F0:  COMF   56,F
05F1:  INCF   56,F
05F2:  BTFSS  03.2
05F3:  GOTO   5FA
05F4:  INCF   57,F
05F5:  BTFSS  03.2
05F6:  GOTO   5FA
05F7:  INCF   58,F
05F8:  BTFSC  03.2
05F9:  INCF   59,F
05FA:  BTFSC  55.0
05FB:  GOTO   508
05FC:  BTFSC  55.1
05FD:  GOTO   54A
05FE:  BTFSC  55.2
05FF:  GOTO   580
0600:  GOTO   5AF
0601:  MOVF   00,W
0602:  ADDWF  57,F
0603:  BTFSS  03.0
0604:  GOTO   60B
0605:  INCF   58,F
0606:  BTFSS  03.2
0607:  GOTO   60B
0608:  INCF   59,F
0609:  BTFSC  03.2
060A:  BSF    53.0
060B:  DECF   04,F
060C:  MOVF   00,W
060D:  ADDWF  58,F
060E:  BTFSS  03.0
060F:  GOTO   613
0610:  INCF   59,F
0611:  BTFSC  03.2
0612:  BSF    53.0
0613:  DECF   04,F
0614:  MOVF   00,W
0615:  BTFSS  00.7
0616:  XORLW  80
0617:  ADDWF  59,F
0618:  BTFSC  03.0
0619:  BSF    53.0
061A:  BTFSC  55.4
061B:  GOTO   50F
061C:  BTFSC  55.5
061D:  GOTO   551
061E:  GOTO   587
*
0675:  BTFSC  03.1
0676:  GOTO   67A
0677:  MOVLW  52
0678:  MOVWF  04
0679:  BCF    03.7
067A:  CLRF   77
067B:  CLRF   78
067C:  CLRF   79
067D:  CLRF   7A
067E:  CLRF   52
067F:  CLRF   53
0680:  CLRF   54
0681:  CLRF   55
0682:  MOVF   51,W
0683:  IORWF  50,W
0684:  IORWF  4F,W
0685:  IORWF  4E,W
0686:  BTFSC  03.2
0687:  GOTO   6B8
0688:  MOVLW  20
0689:  MOVWF  56
068A:  BCF    03.0
068B:  RLF    4A,F
068C:  RLF    4B,F
068D:  RLF    4C,F
068E:  RLF    4D,F
068F:  RLF    52,F
0690:  RLF    53,F
0691:  RLF    54,F
0692:  RLF    55,F
0693:  MOVF   51,W
0694:  SUBWF  55,W
0695:  BTFSS  03.2
0696:  GOTO   6A1
0697:  MOVF   50,W
0698:  SUBWF  54,W
0699:  BTFSS  03.2
069A:  GOTO   6A1
069B:  MOVF   4F,W
069C:  SUBWF  53,W
069D:  BTFSS  03.2
069E:  GOTO   6A1
069F:  MOVF   4E,W
06A0:  SUBWF  52,W
06A1:  BTFSS  03.0
06A2:  GOTO   6B2
06A3:  MOVF   4E,W
06A4:  SUBWF  52,F
06A5:  MOVF   4F,W
06A6:  BTFSS  03.0
06A7:  INCFSZ 4F,W
06A8:  SUBWF  53,F
06A9:  MOVF   50,W
06AA:  BTFSS  03.0
06AB:  INCFSZ 50,W
06AC:  SUBWF  54,F
06AD:  MOVF   51,W
06AE:  BTFSS  03.0
06AF:  INCFSZ 51,W
06B0:  SUBWF  55,F
06B1:  BSF    03.0
06B2:  RLF    77,F
06B3:  RLF    78,F
06B4:  RLF    79,F
06B5:  RLF    7A,F
06B6:  DECFSZ 56,F
06B7:  GOTO   68A
06B8:  MOVF   52,W
06B9:  MOVWF  00
06BA:  INCF   04,F
06BB:  MOVF   53,W
06BC:  MOVWF  00
06BD:  INCF   04,F
06BE:  MOVF   54,W
06BF:  MOVWF  00
06C0:  INCF   04,F
06C1:  MOVF   55,W
06C2:  MOVWF  00
06C3:  RETURN
06C4:  MOVF   0B,W
06C5:  MOVWF  3E
06C6:  BCF    0B.7
06C7:  BSF    03.5
06C8:  BSF    03.6
06C9:  BSF    0C.7
06CA:  BSF    0C.0
06CB:  NOP
06CC:  NOP
06CD:  BCF    03.5
06CE:  BCF    03.6
06CF:  BTFSC  3E.7
06D0:  BSF    0B.7
06D1:  BTFSC  03.0
06D2:  GOTO   6FB
06D3:  BSF    03.6
06D4:  MOVF   0C,W
06D5:  ANDLW  7F
06D6:  BCF    03.6
06D7:  MOVWF  3E
06D8:  BSF    03.6
06D9:  MOVF   0D,W
06DA:  BCF    03.6
06DB:  MOVWF  3F
06DC:  BSF    03.6
06DD:  MOVF   0F,W
06DE:  BCF    03.6
06DF:  MOVWF  40
06E0:  MOVF   3E,W
06E1:  MOVWF  4A
06E2:  CALL   649
06E3:  MOVF   3F,W
06E4:  BSF    03.6
06E5:  MOVWF  0D
06E6:  BCF    03.6
06E7:  MOVF   40,W
06E8:  BSF    03.6
06E9:  MOVWF  0F
06EA:  BCF    03.6
06EB:  MOVF   0B,W
06EC:  MOVWF  41
06ED:  BCF    0B.7
06EE:  BSF    03.5
06EF:  BSF    03.6
06F0:  BSF    0C.7
06F1:  BSF    0C.0
06F2:  NOP
06F3:  NOP
06F4:  BCF    03.5
06F5:  BCF    03.6
06F6:  BTFSC  41.7
06F7:  BSF    0B.7
06F8:  DECFSZ 3D,F
06F9:  GOTO   6FB
06FA:  GOTO   71A
06FB:  BSF    03.6
06FC:  RLF    0C,W
06FD:  RLF    0E,W
06FE:  ANDLW  7F
06FF:  BCF    03.6
0700:  MOVWF  3E
0701:  BSF    03.6
0702:  MOVF   0D,W
0703:  BCF    03.6
0704:  MOVWF  3F
0705:  BSF    03.6
0706:  MOVF   0F,W
0707:  BCF    03.6
0708:  MOVWF  40
0709:  MOVF   3E,W
070A:  MOVWF  4A
070B:  CALL   649
070C:  MOVF   3F,W
070D:  BSF    03.6
070E:  MOVWF  0D
070F:  BCF    03.6
0710:  MOVF   40,W
0711:  BSF    03.6
0712:  MOVWF  0F
0713:  INCF   0D,F
0714:  BTFSC  03.2
0715:  INCF   0F,F
0716:  BCF    03.0
0717:  BCF    03.6
0718:  DECFSZ 3D,F
0719:  GOTO   6C4
071A:  RETURN
*
0800:  MOVF   04,W
0801:  MOVWF  42
0802:  MOVF   41,W
0803:  MOVWF  44
0804:  BTFSC  03.2
0805:  GOTO   092
0806:  MOVF   40,W
0807:  MOVWF  4D
0808:  MOVF   3F,W
0809:  MOVWF  4C
080A:  MOVF   3E,W
080B:  MOVWF  4B
080C:  MOVF   3D,W
080D:  MOVWF  4A
080E:  CLRF   51
080F:  CLRF   50
0810:  MOVLW  20
0811:  MOVWF  4F
0812:  MOVLW  82
0813:  MOVWF  4E
0814:  MOVF   4A,W
0815:  BTFSC  03.2
0816:  GOTO   084
0817:  MOVWF  52
0818:  MOVF   4E,W
0819:  BTFSC  03.2
081A:  GOTO   084
081B:  ADDWF  52,F
081C:  BTFSC  03.0
081D:  GOTO   025
081E:  MOVLW  7F
081F:  SUBWF  52,F
0820:  BTFSS  03.0
0821:  GOTO   084
0822:  BTFSC  03.2
0823:  GOTO   084
0824:  GOTO   029
0825:  MOVLW  81
0826:  ADDWF  52,F
0827:  BTFSC  03.0
0828:  GOTO   084
0829:  MOVF   52,W
082A:  MOVWF  77
082B:  CLRF   78
082C:  CLRF   79
082D:  CLRF   7A
082E:  MOVF   4B,W
082F:  MOVWF  56
0830:  BSF    56.7
0831:  MOVF   4C,W
0832:  MOVWF  55
0833:  MOVF   4D,W
0834:  MOVWF  54
0835:  MOVLW  18
0836:  MOVWF  52
0837:  CLRF   53
0838:  BTFSS  54.0
0839:  GOTO   052
083A:  MOVF   51,W
083B:  ADDWF  7A,F
083C:  BTFSS  03.0
083D:  GOTO   044
083E:  INCF   79,F
083F:  BTFSS  03.2
0840:  GOTO   044
0841:  INCF   78,F
0842:  BTFSC  03.2
0843:  BSF    53.7
0844:  MOVF   50,W
0845:  ADDWF  79,F
0846:  BTFSS  03.0
0847:  GOTO   04B
0848:  INCF   78,F
0849:  BTFSC  03.2
084A:  BSF    53.7
084B:  MOVF   4F,W
084C:  MOVWF  4C
084D:  BSF    4C.7
084E:  MOVF   4C,W
084F:  ADDWF  78,F
0850:  BTFSC  03.0
0851:  BSF    53.7
0852:  RLF    53,F
0853:  RRF    78,F
0854:  RRF    79,F
0855:  RRF    7A,F
0856:  RRF    56,F
0857:  RRF    55,F
0858:  RRF    54,F
0859:  BCF    03.0
085A:  DECFSZ 52,F
085B:  GOTO   037
085C:  MOVLW  01
085D:  ADDWF  77,F
085E:  BTFSC  03.0
085F:  GOTO   084
0860:  BTFSC  78.7
0861:  GOTO   069
0862:  RLF    56,F
0863:  RLF    7A,F
0864:  RLF    79,F
0865:  RLF    78,F
0866:  DECF   77,F
0867:  BTFSC  03.2
0868:  GOTO   084
0869:  BTFSS  56.7
086A:  GOTO   07A
086B:  INCF   7A,F
086C:  BTFSS  03.2
086D:  GOTO   07A
086E:  INCF   79,F
086F:  BTFSS  03.2
0870:  GOTO   07A
0871:  INCF   78,F
0872:  BTFSS  03.2
0873:  GOTO   07A
0874:  RRF    78,F
0875:  RRF    79,F
0876:  RRF    7A,F
0877:  INCF   77,F
0878:  BTFSC  03.2
0879:  GOTO   084
087A:  MOVF   4B,W
087B:  MOVWF  53
087C:  MOVF   4F,W
087D:  XORWF  53,F
087E:  BTFSS  53.7
087F:  GOTO   082
0880:  BSF    78.7
0881:  GOTO   088
0882:  BCF    78.7
0883:  GOTO   088
0884:  CLRF   77
0885:  CLRF   78
0886:  CLRF   79
0887:  CLRF   7A
0888:  MOVF   7A,W
0889:  MOVWF  40
088A:  MOVF   79,W
088B:  MOVWF  3F
088C:  MOVF   78,W
088D:  MOVWF  3E
088E:  MOVF   77,W
088F:  MOVWF  3D
0890:  DECFSZ 44,F
0891:  GOTO   006
0892:  MOVF   40,W
0893:  MOVWF  4D
0894:  MOVF   3F,W
0895:  MOVWF  4C
0896:  MOVF   3E,W
0897:  MOVWF  4B
0898:  MOVF   3D,W
0899:  MOVWF  4A
089A:  MOVF   4A,W
089B:  SUBLW  B6
089C:  MOVWF  4A
089D:  CLRF   7A
089E:  MOVF   4B,W
089F:  MOVWF  4E
08A0:  BSF    4B.7
08A1:  BCF    03.0
08A2:  RRF    4B,F
08A3:  RRF    4C,F
08A4:  RRF    4D,F
08A5:  RRF    7A,F
08A6:  RRF    79,F
08A7:  RRF    78,F
08A8:  RRF    77,F
08A9:  DECFSZ 4A,F
08AA:  GOTO   0A1
08AB:  BTFSS  4E.7
08AC:  GOTO   0B8
08AD:  COMF   77,F
08AE:  COMF   78,F
08AF:  COMF   79,F
08B0:  COMF   7A,F
08B1:  INCF   77,F
08B2:  BTFSC  03.2
08B3:  INCF   78,F
08B4:  BTFSC  03.2
08B5:  INCF   79,F
08B6:  BTFSC  03.2
08B7:  INCF   7A,F
08B8:  MOVF   7A,W
08B9:  MOVWF  40
08BA:  MOVF   79,W
08BB:  MOVWF  3F
08BC:  MOVF   78,W
08BD:  MOVWF  3E
08BE:  MOVF   77,W
08BF:  MOVWF  3D
08C0:  BTFSS  40.7
08C1:  GOTO   0CF
08C2:  DECF   42,F
08C3:  BSF    42.5
08C4:  COMF   3D,F
08C5:  COMF   3E,F
08C6:  COMF   3F,F
08C7:  COMF   40,F
08C8:  INCF   3D,F
08C9:  BTFSC  03.2
08CA:  INCF   3E,F
08CB:  BTFSC  03.2
08CC:  INCF   3F,F
08CD:  BTFSC  03.2
08CE:  INCF   40,F
08CF:  MOVLW  3B
08D0:  MOVWF  49
08D1:  MOVLW  9A
08D2:  MOVWF  48
08D3:  MOVLW  CA
08D4:  MOVWF  47
08D5:  CLRF   46
08D6:  MOVLW  0A
08D7:  MOVWF  44
08D8:  MOVF   41,W
08D9:  BTFSC  03.2
08DA:  INCF   42,F
08DB:  BSF    03.1
08DC:  MOVLW  3D
08DD:  MOVWF  04
08DE:  BCF    03.7
08DF:  MOVF   40,W
08E0:  MOVWF  4D
08E1:  MOVF   3F,W
08E2:  MOVWF  4C
08E3:  MOVF   3E,W
08E4:  MOVWF  4B
08E5:  MOVF   3D,W
08E6:  MOVWF  4A
08E7:  MOVF   49,W
08E8:  MOVWF  51
08E9:  MOVF   48,W
08EA:  MOVWF  50
08EB:  MOVF   47,W
08EC:  MOVWF  4F
08ED:  MOVF   46,W
08EE:  MOVWF  4E
08EF:  BCF    0A.3
08F0:  CALL   675
08F1:  BSF    0A.3
08F2:  MOVF   78,W
08F3:  MOVF   77,F
08F4:  BTFSS  03.2
08F5:  GOTO   109
08F6:  INCF   41,W
08F7:  SUBWF  44,W
08F8:  BTFSC  03.2
08F9:  GOTO   109
08FA:  MOVF   42,W
08FB:  BTFSC  03.2
08FC:  GOTO   10B
08FD:  ANDLW  0F
08FE:  SUBWF  44,W
08FF:  BTFSC  03.2
0900:  GOTO   103
0901:  BTFSC  03.0
0902:  GOTO   143
0903:  BTFSC  42.7
0904:  GOTO   143
0905:  BTFSC  42.6
0906:  GOTO   10B
0907:  MOVLW  20
0908:  GOTO   13D
0909:  MOVLW  20
090A:  ANDWF  42,F
090B:  BTFSS  42.5
090C:  GOTO   11B
090D:  BCF    42.5
090E:  MOVF   41,W
090F:  BTFSS  03.2
0910:  DECF   42,F
0911:  MOVF   77,W
0912:  MOVWF  42
0913:  MOVLW  2D
0914:  MOVWF  4A
0915:  BCF    0A.3
0916:  CALL   649
0917:  BSF    0A.3
0918:  MOVF   42,W
0919:  MOVWF  77
091A:  CLRF   42
091B:  MOVF   41,W
091C:  SUBWF  44,W
091D:  BTFSS  03.2
091E:  GOTO   12B
091F:  MOVF   77,W
0920:  MOVWF  42
0921:  MOVLW  2E
0922:  MOVWF  4A
0923:  BCF    0A.3
0924:  CALL   649
0925:  BSF    0A.3
0926:  MOVF   42,W
0927:  MOVWF  77
0928:  MOVLW  20
0929:  ANDWF  42,F
092A:  MOVLW  00
092B:  MOVLW  30
092C:  BTFSS  42.5
092D:  GOTO   13D
092E:  BCF    42.5
092F:  MOVF   41,W
0930:  BTFSS  03.2
0931:  DECF   42,F
0932:  MOVF   77,W
0933:  MOVWF  42
0934:  MOVLW  2D
0935:  MOVWF  4A
0936:  BCF    0A.3
0937:  CALL   649
0938:  BSF    0A.3
0939:  MOVF   42,W
093A:  MOVWF  77
093B:  CLRF   42
093C:  MOVLW  30
093D:  ADDWF  77,F
093E:  MOVF   77,W
093F:  MOVWF  4A
0940:  BCF    0A.3
0941:  CALL   649
0942:  BSF    0A.3
0943:  BCF    03.1
0944:  MOVF   49,W
0945:  MOVWF  4D
0946:  MOVF   48,W
0947:  MOVWF  4C
0948:  MOVF   47,W
0949:  MOVWF  4B
094A:  MOVF   46,W
094B:  MOVWF  4A
094C:  CLRF   51
094D:  CLRF   50
094E:  CLRF   4F
094F:  MOVLW  0A
0950:  MOVWF  4E
0951:  BCF    0A.3
0952:  CALL   675
0953:  BSF    0A.3
0954:  MOVF   7A,W
0955:  MOVWF  49
0956:  MOVF   79,W
0957:  MOVWF  48
0958:  MOVF   78,W
0959:  MOVWF  47
095A:  MOVF   77,W
095B:  MOVWF  46
095C:  DECFSZ 44,F
095D:  GOTO   0DB
095E:  RETURN
....................  
.................... #list 
....................  
.................... #fuses HS,NOWDT,NOPROTECT,NOPUT,NOLVP,NOBROWNOUT 
.................... #use delay(clock=20000000) 
*
001F:  MOVLW  4B
0020:  MOVWF  04
0021:  BCF    03.7
0022:  MOVF   00,W
0023:  BTFSC  03.2
0024:  GOTO   032
0025:  MOVLW  06
0026:  MOVWF  78
0027:  CLRF   77
0028:  DECFSZ 77,F
0029:  GOTO   028
002A:  DECFSZ 78,F
002B:  GOTO   027
002C:  MOVLW  7B
002D:  MOVWF  77
002E:  DECFSZ 77,F
002F:  GOTO   02E
0030:  DECFSZ 00,F
0031:  GOTO   025
0032:  RETURN
.................... #use I2C(MASTER, SDA=PIN_C4, SCL=PIN_C3, SLOW) 
*
00CA:  MOVLW  08
00CB:  MOVWF  78
00CC:  MOVLW  04
00CD:  MOVWF  77
00CE:  DECFSZ 77,F
00CF:  GOTO   0CE
00D0:  BCF    07.3
00D1:  BCF    20.3
00D2:  MOVF   20,W
00D3:  BSF    03.5
00D4:  MOVWF  07
00D5:  MOVLW  03
00D6:  MOVWF  77
00D7:  DECFSZ 77,F
00D8:  GOTO   0D7
00D9:  BCF    03.5
00DA:  RLF    46,F
00DB:  BCF    07.4
00DC:  BTFSS  03.0
00DD:  GOTO   0E4
00DE:  BSF    20.4
00DF:  MOVF   20,W
00E0:  BSF    03.5
00E1:  MOVWF  07
00E2:  GOTO   0E8
00E3:  BCF    03.5
00E4:  BCF    20.4
00E5:  MOVF   20,W
00E6:  BSF    03.5
00E7:  MOVWF  07
00E8:  NOP
00E9:  BCF    03.5
00EA:  BSF    20.3
00EB:  MOVF   20,W
00EC:  BSF    03.5
00ED:  MOVWF  07
00EE:  BCF    03.5
00EF:  BTFSS  07.3
00F0:  GOTO   0EF
00F1:  DECFSZ 78,F
00F2:  GOTO   0CC
00F3:  MOVLW  04
00F4:  MOVWF  77
00F5:  DECFSZ 77,F
00F6:  GOTO   0F5
00F7:  BCF    07.3
00F8:  BCF    20.3
00F9:  MOVF   20,W
00FA:  BSF    03.5
00FB:  MOVWF  07
00FC:  NOP
00FD:  BCF    03.5
00FE:  BSF    20.4
00FF:  MOVF   20,W
0100:  BSF    03.5
0101:  MOVWF  07
0102:  MOVLW  03
0103:  MOVWF  77
0104:  DECFSZ 77,F
0105:  GOTO   104
0106:  MOVLW  03
0107:  MOVWF  77
0108:  DECFSZ 77,F
0109:  GOTO   108
010A:  BCF    03.5
010B:  BSF    20.3
010C:  MOVF   20,W
010D:  BSF    03.5
010E:  MOVWF  07
010F:  BCF    03.5
0110:  BTFSS  07.3
0111:  GOTO   110
0112:  CLRF   78
0113:  MOVLW  03
0114:  MOVWF  77
0115:  DECFSZ 77,F
0116:  GOTO   115
0117:  BTFSC  07.4
0118:  BSF    78.0
0119:  BCF    07.3
011A:  BCF    20.3
011B:  MOVF   20,W
011C:  BSF    03.5
011D:  MOVWF  07
011E:  BCF    03.5
011F:  BCF    07.4
0120:  BCF    20.4
0121:  MOVF   20,W
0122:  BSF    03.5
0123:  MOVWF  07
0124:  BCF    03.5
0125:  RETURN
*
01D0:  MOVLW  08
01D1:  MOVWF  47
01D2:  MOVF   77,W
01D3:  MOVWF  48
01D4:  BSF    20.4
01D5:  MOVF   20,W
01D6:  BSF    03.5
01D7:  MOVWF  07
01D8:  MOVLW  03
01D9:  MOVWF  77
01DA:  DECFSZ 77,F
01DB:  GOTO   1DA
01DC:  BCF    03.5
01DD:  BSF    20.3
01DE:  MOVF   20,W
01DF:  BSF    03.5
01E0:  MOVWF  07
01E1:  BCF    03.5
01E2:  BTFSS  07.3
01E3:  GOTO   1E2
01E4:  BTFSC  07.4
01E5:  BSF    03.0
01E6:  BTFSS  07.4
01E7:  BCF    03.0
01E8:  RLF    78,F
01E9:  MOVLW  04
01EA:  MOVWF  77
01EB:  DECFSZ 77,F
01EC:  GOTO   1EB
01ED:  BCF    20.3
01EE:  MOVF   20,W
01EF:  BSF    03.5
01F0:  MOVWF  07
01F1:  BCF    03.5
01F2:  BCF    07.3
01F3:  DECFSZ 47,F
01F4:  GOTO   1D4
01F5:  BSF    20.4
01F6:  MOVF   20,W
01F7:  BSF    03.5
01F8:  MOVWF  07
01F9:  MOVLW  03
01FA:  MOVWF  77
01FB:  DECFSZ 77,F
01FC:  GOTO   1FB
01FD:  BCF    03.5
01FE:  BCF    07.4
01FF:  MOVF   48,W
0200:  BTFSC  03.2
0201:  GOTO   207
0202:  BCF    20.4
0203:  MOVF   20,W
0204:  BSF    03.5
0205:  MOVWF  07
0206:  BCF    03.5
0207:  NOP
0208:  BSF    20.3
0209:  MOVF   20,W
020A:  BSF    03.5
020B:  MOVWF  07
020C:  BCF    03.5
020D:  BTFSS  07.3
020E:  GOTO   20D
020F:  MOVLW  04
0210:  MOVWF  77
0211:  DECFSZ 77,F
0212:  GOTO   211
0213:  BCF    07.3
0214:  BCF    20.3
0215:  MOVF   20,W
0216:  BSF    03.5
0217:  MOVWF  07
0218:  MOVLW  03
0219:  MOVWF  77
021A:  DECFSZ 77,F
021B:  GOTO   21A
021C:  BCF    03.5
021D:  BCF    07.4
021E:  BCF    20.4
021F:  MOVF   20,W
0220:  BSF    03.5
0221:  MOVWF  07
.................... #use standard_io(D) 
.................... #include <lcd.c>                    // Libreria para el manejo de la LCD 20x4 
.................... /////////////////////////////////////////////////////////////////////////////// 
.................... ////                             LCD.C                                     //// 
.................... ////                 Driver for common LCD modules                         //// 
.................... ////                                                                       //// 
.................... ////  lcd_init()   Must be called before any other function.               //// 
.................... ////                                                                       //// 
.................... ////  lcd_putc(c)  Will display c on the next position of the LCD.         //// 
.................... ////                 \a  Set cursor position to upper left                 //// 
.................... ////                 \f  Clear display, set cursor to upper left           //// 
.................... ////                 \n  Go to start of second line                        //// 
.................... ////                 \b  Move back one position                            //// 
.................... ////              If LCD_EXTENDED_NEWLINE is defined, the \n character     //// 
.................... ////              will erase all remanining characters on the current      //// 
.................... ////              line, and move the cursor to the beginning of the next   //// 
.................... ////              line.                                                    //// 
.................... ////              If LCD_EXTENDED_NEWLINE is defined, the \r character     //// 
.................... ////              will move the cursor to the start of the current         //// 
.................... ////              line.                                                    //// 
.................... ////                                                                       //// 
.................... ////  lcd_gotoxy(x,y) Set write position on LCD (upper left is 1,1)        //// 
.................... ////                                                                       //// 
.................... ////  lcd_getc(x,y)   Returns character at position x,y on LCD             //// 
.................... ////                                                                       //// 
.................... ////  lcd_cursor_on(int1 on)   Turn the cursor on (on=TRUE) or off         //// 
.................... ////              (on=FALSE).                                              //// 
.................... ////                                                                       //// 
.................... ////  lcd_set_cgram_char(w, *p)   Write a custom character to the CGRAM.   //// 
.................... ////                                                                       //// 
.................... ////                                                                       //// 
.................... ////  CONFIGURATION                                                        //// 
.................... ////  The LCD can be configured in one of two ways: a.) port access or     //// 
.................... ////  b.) pin access.  Port access requires the entire 7 bit interface     //// 
.................... ////  connected to one GPIO port, and the data bits (D4:D7 of the LCD)     //// 
.................... ////  connected to sequential pins on the GPIO.  Pin access                //// 
.................... ////  has no requirements, all 7 bits of the control interface can         //// 
.................... ////  can be connected to any GPIO using several ports.                    //// 
.................... ////                                                                       //// 
.................... ////  To use port access, #define LCD_DATA_PORT to the SFR location of     //// 
.................... ////  of the GPIO port that holds the interface, -AND- edit LCD_PIN_MAP    //// 
.................... ////  of this file to configure the pin order.  If you are using a         //// 
.................... ////  baseline PIC (PCB), then LCD_OUTPUT_MAP and LCD_INPUT_MAP also must  //// 
.................... ////  be defined.                                                          //// 
.................... ////                                                                       //// 
.................... ////  Example of port access:                                              //// 
.................... ////     #define LCD_DATA_PORT getenv("SFR:PORTD")                         //// 
.................... ////                                                                       //// 
.................... ////  To use pin access, the following pins must be defined:               //// 
.................... ////     LCD_ENABLE_PIN                                                    //// 
.................... ////     LCD_RS_PIN                                                        //// 
.................... ////     LCD_RW_PIN                                                        //// 
.................... ////     LCD_DATA4                                                         //// 
.................... ////     LCD_DATA5                                                         //// 
.................... ////     LCD_DATA6                                                         //// 
.................... ////     LCD_DATA7                                                         //// 
.................... ////                                                                       //// 
.................... ////  Example of pin access:                                               //// 
.................... ////     #define LCD_ENABLE_PIN  PIN_E0                                    //// 
.................... ////     #define LCD_RS_PIN      PIN_E1                                    //// 
.................... ////     #define LCD_RW_PIN      PIN_E2                                    //// 
.................... ////     #define LCD_DATA4       PIN_D4                                    //// 
.................... ////     #define LCD_DATA5       PIN_D5                                    //// 
.................... ////     #define LCD_DATA6       PIN_D6                                    //// 
.................... ////     #define LCD_DATA7       PIN_D7                                    //// 
.................... ////                                                                       //// 
.................... /////////////////////////////////////////////////////////////////////////////// 
.................... ////        (C) Copyright 1996,2010 Custom Computer Services           //// 
.................... //// This source code may only be used by licensed users of the CCS C  //// 
.................... //// compiler.  This source code may only be distributed to other      //// 
.................... //// licensed users of the CCS C compiler.  No other use, reproduction //// 
.................... //// or distribution is permitted without written permission.          //// 
.................... //// Derivative programs created using this software in object code    //// 
.................... //// form are not restricted in any way.                               //// 
.................... /////////////////////////////////////////////////////////////////////////// 
....................  
.................... #ifndef __LCD_C__ 
.................... #define __LCD_C__ 
....................  
.................... // define the pinout. 
.................... // only required if port access is being used. 
.................... typedef struct   
.................... {                            // This structure is overlayed 
....................    int1 enable;           // on to an I/O port to gain 
....................    int1 rs;               // access to the LCD pins. 
....................    int1 rw;               // The bits are allocated from 
....................    int1 unused;           // low order up.  ENABLE will 
....................    unsigned int     data : 4;         // be LSB pin of that port. 
....................   #if defined(__PCD__)       // The port used will be LCD_DATA_PORT. 
....................    unsigned int    reserved: 8; 
....................   #endif 
.................... } LCD_PIN_MAP; 
....................  
.................... // this is to improve compatability with previous LCD drivers that accepted 
.................... // a define labeled 'use_portb_lcd' that configured the LCD onto port B. 
.................... #if ((defined(use_portb_lcd)) && (use_portb_lcd==TRUE)) 
....................  #define LCD_DATA_PORT getenv("SFR:PORTB") 
.................... #endif 
....................  
.................... #if defined(__PCB__) 
....................    // these definitions only need to be modified for baseline PICs. 
....................    // all other PICs use LCD_PIN_MAP or individual LCD_xxx pin definitions. 
.................... /*                                    EN, RS,   RW,   UNUSED,  DATA  */ 
....................  const LCD_PIN_MAP LCD_OUTPUT_MAP =  {0,  0,    0,    0,       0}; 
....................  const LCD_PIN_MAP LCD_INPUT_MAP =   {0,  0,    0,    0,       0xF}; 
.................... #endif 
....................  
.................... ////////////////////// END CONFIGURATION /////////////////////////////////// 
....................  
.................... #ifndef LCD_ENABLE_PIN 
....................    #define lcd_output_enable(x) lcdlat.enable=x 
....................    #define lcd_enable_tris()   lcdtris.enable=0 
.................... #else 
....................    #define lcd_output_enable(x) output_bit(LCD_ENABLE_PIN, x) 
....................    #define lcd_enable_tris()  output_drive(LCD_ENABLE_PIN) 
.................... #endif 
....................  
.................... #ifndef LCD_RS_PIN 
....................    #define lcd_output_rs(x) lcdlat.rs=x 
....................    #define lcd_rs_tris()   lcdtris.rs=0 
.................... #else 
....................    #define lcd_output_rs(x) output_bit(LCD_RS_PIN, x) 
....................    #define lcd_rs_tris()  output_drive(LCD_RS_PIN) 
.................... #endif 
....................  
.................... #ifndef LCD_RW_PIN 
....................    #define lcd_output_rw(x) lcdlat.rw=x 
....................    #define lcd_rw_tris()   lcdtris.rw=0 
.................... #else 
....................    #define lcd_output_rw(x) output_bit(LCD_RW_PIN, x) 
....................    #define lcd_rw_tris()  output_drive(LCD_RW_PIN) 
.................... #endif 
....................  
.................... // original version of this library incorrectly labeled LCD_DATA0 as LCD_DATA4, 
.................... // LCD_DATA1 as LCD_DATA5, and so on.  this block of code makes the driver 
.................... // compatible with any code written for the original library 
.................... #if (defined(LCD_DATA0) && defined(LCD_DATA1) && defined(LCD_DATA2) && defined(LCD_DATA3) && !defined(LCD_DATA4) && !defined(LCD_DATA5) && !defined(LCD_DATA6) && !defined(LCD_DATA7)) 
....................    #define  LCD_DATA4    LCD_DATA0 
....................    #define  LCD_DATA5    LCD_DATA1 
....................    #define  LCD_DATA6    LCD_DATA2 
....................    #define  LCD_DATA7    LCD_DATA3 
.................... #endif 
....................  
.................... #ifndef LCD_DATA4 
.................... #ifndef LCD_DATA_PORT 
....................    #if defined(__PCB__) 
....................       #define LCD_DATA_PORT      0x06     //portb 
....................       #define set_tris_lcd(x)   set_tris_b(x) 
....................    #else 
....................      #if defined(PIN_D0) 
....................       #define LCD_DATA_PORT      getenv("SFR:PORTD")     //portd 
....................      #else 
....................       #define LCD_DATA_PORT      getenv("SFR:PORTB")     //portb 
....................      #endif 
....................    #endif    
.................... #endif 
....................  
.................... #if defined(__PCB__) 
....................    LCD_PIN_MAP lcd, lcdlat; 
....................    #byte lcd = LCD_DATA_PORT 
....................    #byte lcdlat = LCD_DATA_PORT 
.................... #elif defined(__PCM__) 
....................    LCD_PIN_MAP lcd, lcdlat, lcdtris; 
....................    #byte lcd = LCD_DATA_PORT 
....................    #byte lcdlat = LCD_DATA_PORT 
....................    #byte lcdtris = LCD_DATA_PORT+0x80 
.................... #elif defined(__PCH__) 
....................    LCD_PIN_MAP lcd, lcdlat, lcdtris; 
....................    #byte lcd = LCD_DATA_PORT 
....................    #byte lcdlat = LCD_DATA_PORT+9 
....................    #byte lcdtris = LCD_DATA_PORT+0x12 
.................... #elif defined(__PCD__) 
....................    LCD_PIN_MAP lcd, lcdlat, lcdtris; 
....................    #word lcd = LCD_DATA_PORT 
....................    #word lcdlat = LCD_DATA_PORT+2 
....................    #word lcdtris = LCD_DATA_PORT-0x02 
.................... #endif 
.................... #endif   //LCD_DATA4 not defined 
....................  
.................... #ifndef LCD_TYPE 
....................    #define LCD_TYPE 2           // 0=5x7, 1=5x10, 2=2 lines 
.................... #endif 
....................  
.................... #ifndef LCD_LINE_TWO 
....................    #define LCD_LINE_TWO 0x40    // LCD RAM address for the second line 
.................... #endif 
....................  
.................... #ifndef LCD_LINE_LENGTH 
....................    #define LCD_LINE_LENGTH 20 
.................... #endif 
....................  
.................... unsigned int8 lcd_read_nibble(void); 
....................  
.................... unsigned int8 lcd_read_byte(void) 
.................... { 
....................    unsigned int8 low,high; 
....................  
....................  #if defined(__PCB__) 
....................    set_tris_lcd(LCD_INPUT_MAP); 
....................  #else 
....................   #if (defined(LCD_DATA4) && defined(LCD_DATA5) && defined(LCD_DATA6) && defined(LCD_DATA7)) 
....................    output_float(LCD_DATA4); 
....................    output_float(LCD_DATA5); 
....................    output_float(LCD_DATA6); 
....................    output_float(LCD_DATA7); 
....................   #else 
....................    lcdtris.data = 0xF; 
*
0050:  MOVLW  0F
0051:  BSF    03.5
0052:  ANDWF  08,W
0053:  IORLW  F0
0054:  MOVWF  08
....................   #endif 
....................  #endif 
....................          
....................    lcd_output_rw(1); 
0055:  BCF    03.5
0056:  BSF    08.2
....................    delay_cycles(1); 
0057:  NOP
....................    lcd_output_enable(1); 
0058:  BSF    08.0
....................    delay_cycles(1); 
0059:  NOP
....................    high = lcd_read_nibble(); 
005A:  CALL   044
005B:  MOVF   78,W
005C:  MOVWF  52
....................        
....................    lcd_output_enable(0); 
005D:  BCF    08.0
....................    delay_cycles(1); 
005E:  NOP
....................    lcd_output_enable(1); 
005F:  BSF    08.0
....................    delay_us(1); 
0060:  GOTO   061
0061:  GOTO   062
0062:  NOP
....................    low = lcd_read_nibble(); 
0063:  CALL   044
0064:  MOVF   78,W
0065:  MOVWF  51
....................        
....................    lcd_output_enable(0); 
0066:  BCF    08.0
....................  
....................  #if defined(__PCB__) 
....................    set_tris_lcd(LCD_OUTPUT_MAP); 
....................  #else 
....................   #if (defined(LCD_DATA4) && defined(LCD_DATA5) && defined(LCD_DATA6) && defined(LCD_DATA7)) 
....................    output_drive(LCD_DATA4); 
....................    output_drive(LCD_DATA5); 
....................    output_drive(LCD_DATA6); 
....................    output_drive(LCD_DATA7); 
....................   #else 
....................    lcdtris.data = 0x0; 
0067:  MOVLW  0F
0068:  BSF    03.5
0069:  ANDWF  08,W
006A:  MOVWF  08
....................   #endif 
....................  #endif 
....................  
....................    return( (high<<4) | low); 
006B:  BCF    03.5
006C:  SWAPF  52,W
006D:  MOVWF  77
006E:  MOVLW  F0
006F:  ANDWF  77,F
0070:  MOVF   77,W
0071:  IORWF  51,W
0072:  MOVWF  78
.................... } 
....................  
.................... unsigned int8 lcd_read_nibble(void) 
.................... { 
....................   #if (defined(LCD_DATA4) && defined(LCD_DATA5) && defined(LCD_DATA6) && defined(LCD_DATA7)) 
....................    unsigned int8 n = 0x00; 
....................  
....................    /* Read the data port */ 
....................    n |= input(LCD_DATA4); 
....................    n |= input(LCD_DATA5) << 1; 
....................    n |= input(LCD_DATA6) << 2; 
....................    n |= input(LCD_DATA7) << 3; 
....................     
....................    return(n); 
....................   #else 
....................    return(lcd.data); 
*
0044:  MOVF   08,W
0045:  MOVWF  77
0046:  SWAPF  08,W
0047:  ANDLW  0F
0048:  MOVWF  78
....................   #endif 
0049:  RETURN
.................... } 
....................  
.................... void lcd_send_nibble(unsigned int8 n) 
.................... { 
....................   #if (defined(LCD_DATA4) && defined(LCD_DATA5) && defined(LCD_DATA6) && defined(LCD_DATA7)) 
....................    /* Write to the data port */ 
....................    output_bit(LCD_DATA4, bit_test(n, 0)); 
....................    output_bit(LCD_DATA5, bit_test(n, 1)); 
....................    output_bit(LCD_DATA6, bit_test(n, 2)); 
....................    output_bit(LCD_DATA7, bit_test(n, 3)); 
....................   #else       
....................    lcdlat.data = n; 
*
0033:  SWAPF  52,W
0034:  ANDLW  F0
0035:  MOVWF  77
0036:  MOVLW  0F
0037:  ANDWF  08,W
0038:  IORWF  77,W
0039:  MOVWF  08
....................   #endif 
....................        
....................    delay_cycles(1); 
003A:  NOP
....................    lcd_output_enable(1); 
003B:  BSF    08.0
....................    delay_us(2); 
003C:  MOVLW  02
003D:  MOVWF  77
003E:  DECFSZ 77,F
003F:  GOTO   03E
0040:  GOTO   041
0041:  NOP
....................    lcd_output_enable(0); 
0042:  BCF    08.0
0043:  RETURN
.................... } 
....................  
.................... void lcd_send_byte(unsigned int8 address, unsigned int8 n) 
.................... { 
....................   #if defined(__PCB__) 
....................    set_tris_lcd(LCD_OUTPUT_MAP); 
....................   #else 
....................    lcd_enable_tris(); 
*
004A:  BSF    03.5
004B:  BCF    08.0
....................    lcd_rs_tris(); 
004C:  BCF    08.1
....................    lcd_rw_tris(); 
004D:  BCF    08.2
....................   #endif 
....................  
....................    lcd_output_rs(0); 
004E:  BCF    03.5
004F:  BCF    08.1
....................    while ( bit_test(lcd_read_byte(),7) ) ; 
*
0073:  MOVF   78,W
0074:  MOVWF  51
0075:  BTFSC  51.7
0076:  GOTO   050
....................    lcd_output_rs(address); 
0077:  BTFSS  4F.0
0078:  BCF    08.1
0079:  BTFSC  4F.0
007A:  BSF    08.1
....................    delay_cycles(1); 
007B:  NOP
....................    lcd_output_rw(0); 
007C:  BCF    08.2
....................    delay_cycles(1); 
007D:  NOP
....................    lcd_output_enable(0); 
007E:  BCF    08.0
....................    lcd_send_nibble(n >> 4); 
007F:  SWAPF  50,W
0080:  MOVWF  51
0081:  MOVLW  0F
0082:  ANDWF  51,F
0083:  MOVF   51,W
0084:  MOVWF  52
0085:  CALL   033
....................    lcd_send_nibble(n & 0xf); 
0086:  MOVF   50,W
0087:  ANDLW  0F
0088:  MOVWF  51
0089:  MOVWF  52
008A:  CALL   033
008B:  RETURN
.................... } 
....................  
.................... #if defined(LCD_EXTENDED_NEWLINE) 
.................... unsigned int8 g_LcdX, g_LcdY; 
.................... #endif 
....................  
.................... void lcd_init(void)  
.................... { 
....................    unsigned int8 i; 
....................    unsigned int8 LCD_INIT_STRING[4] = {0x20 | (LCD_TYPE << 2), 0xc, 1, 6}; 
008C:  MOVLW  28
008D:  MOVWF  3E
008E:  MOVLW  0C
008F:  MOVWF  3F
0090:  MOVLW  01
0091:  MOVWF  40
0092:  MOVLW  06
0093:  MOVWF  41
....................                              // These bytes need to be sent to the LCD 
....................                              // to start it up. 
....................     
....................  
....................    lcd_output_enable(0); 
0094:  BCF    08.0
....................    lcd_output_rs(0); 
0095:  BCF    08.1
....................    lcd_output_rw(0); 
0096:  BCF    08.2
....................  
....................  #if defined(__PCB__) 
....................    set_tris_lcd(LCD_OUTPUT_MAP); 
....................  #else 
....................   #if (defined(LCD_DATA4) && defined(LCD_DATA5) && defined(LCD_DATA6) && defined(LCD_DATA7)) 
....................    output_drive(LCD_DATA4); 
....................    output_drive(LCD_DATA5); 
....................    output_drive(LCD_DATA6); 
....................    output_drive(LCD_DATA7); 
....................   #else 
....................    lcdtris.data = 0x0; 
0097:  MOVLW  0F
0098:  BSF    03.5
0099:  ANDWF  08,W
009A:  MOVWF  08
....................   #endif 
....................    lcd_enable_tris(); 
009B:  BCF    08.0
....................    lcd_rs_tris(); 
009C:  BCF    08.1
....................    lcd_rw_tris(); 
009D:  BCF    08.2
....................  #endif 
....................      
....................    delay_ms(15); 
009E:  MOVLW  0F
009F:  BCF    03.5
00A0:  MOVWF  4B
00A1:  CALL   01F
....................    for(i=1;i<=3;++i) 
00A2:  MOVLW  01
00A3:  MOVWF  3D
00A4:  MOVF   3D,W
00A5:  SUBLW  03
00A6:  BTFSS  03.0
00A7:  GOTO   0B0
....................    { 
....................        lcd_send_nibble(3); 
00A8:  MOVLW  03
00A9:  MOVWF  52
00AA:  CALL   033
....................        delay_ms(5); 
00AB:  MOVLW  05
00AC:  MOVWF  4B
00AD:  CALL   01F
00AE:  INCF   3D,F
00AF:  GOTO   0A4
....................    } 
....................     
....................    lcd_send_nibble(2); 
00B0:  MOVLW  02
00B1:  MOVWF  52
00B2:  CALL   033
....................    delay_ms(5); 
00B3:  MOVLW  05
00B4:  MOVWF  4B
00B5:  CALL   01F
....................    for(i=0;i<=3;++i) 
00B6:  CLRF   3D
00B7:  MOVF   3D,W
00B8:  SUBLW  03
00B9:  BTFSS  03.0
00BA:  GOTO   0C7
....................       lcd_send_byte(0,LCD_INIT_STRING[i]); 
00BB:  MOVLW  3E
00BC:  ADDWF  3D,W
00BD:  MOVWF  04
00BE:  BCF    03.7
00BF:  MOVF   00,W
00C0:  MOVWF  42
00C1:  CLRF   4F
00C2:  MOVF   42,W
00C3:  MOVWF  50
00C4:  CALL   04A
....................  
....................   #if defined(LCD_EXTENDED_NEWLINE) 
00C5:  INCF   3D,F
00C6:  GOTO   0B7
00C7:  BSF    0A.3
00C8:  BCF    0A.4
00C9:  GOTO   16F (RETURN)
....................    g_LcdX = 0; 
....................    g_LcdY = 0; 
....................   #endif 
.................... } 
....................  
.................... void lcd_gotoxy(unsigned int8 x, unsigned int8 y) 
.................... { 
....................    unsigned int8 address; 
....................     
....................    if(y!=1) 
*
0637:  DECFSZ 4C,W
0638:  GOTO   63A
0639:  GOTO   63D
....................       address=LCD_LINE_TWO; 
063A:  MOVLW  40
063B:  MOVWF  4D
063C:  GOTO   63E
....................    else 
....................       address=0; 
063D:  CLRF   4D
....................       
....................    address+=x-1; 
063E:  MOVLW  01
063F:  SUBWF  4B,W
0640:  ADDWF  4D,F
....................    lcd_send_byte(0,0x80|address); 
0641:  MOVF   4D,W
0642:  IORLW  80
0643:  MOVWF  4E
0644:  CLRF   4F
0645:  MOVF   4E,W
0646:  MOVWF  50
0647:  CALL   04A
....................  
....................   #if defined(LCD_EXTENDED_NEWLINE) 
0648:  RETURN
....................    g_LcdX = x - 1; 
....................    g_LcdY = y - 1; 
....................   #endif 
.................... } 
....................  
.................... void lcd_putc(char c) 
.................... { 
....................    switch (c) 
0649:  MOVF   4A,W
064A:  XORLW  07
064B:  BTFSC  03.2
064C:  GOTO   657
064D:  XORLW  0B
064E:  BTFSC  03.2
064F:  GOTO   65C
0650:  XORLW  06
0651:  BTFSC  03.2
0652:  GOTO   664
0653:  XORLW  02
0654:  BTFSC  03.2
0655:  GOTO   66A
0656:  GOTO   66F
....................    { 
....................       case '\a'   :  lcd_gotoxy(1,1);     break; 
0657:  MOVLW  01
0658:  MOVWF  4B
0659:  MOVWF  4C
065A:  CALL   637
065B:  GOTO   674
....................  
....................       case '\f'   :  lcd_send_byte(0,1); 
065C:  CLRF   4F
065D:  MOVLW  01
065E:  MOVWF  50
065F:  CALL   04A
....................                      delay_ms(2); 
0660:  MOVLW  02
0661:  MOVWF  4B
0662:  CALL   01F
....................                     #if defined(LCD_EXTENDED_NEWLINE) 
....................                      g_LcdX = 0; 
....................                      g_LcdY = 0; 
....................                     #endif 
....................                      break; 
0663:  GOTO   674
....................  
....................      #if defined(LCD_EXTENDED_NEWLINE) 
....................       case '\r'   :  lcd_gotoxy(1, g_LcdY+1);   break; 
....................       case '\n'   : 
....................          while (g_LcdX++ < LCD_LINE_LENGTH) 
....................          { 
....................             lcd_send_byte(1, ' '); 
....................          } 
....................          lcd_gotoxy(1, g_LcdY+2); 
....................          break; 
....................      #else 
....................       case '\n'   : lcd_gotoxy(1,2);        break; 
0664:  MOVLW  01
0665:  MOVWF  4B
0666:  MOVLW  02
0667:  MOVWF  4C
0668:  CALL   637
0669:  GOTO   674
....................      #endif 
....................       
....................       case '\b'   : lcd_send_byte(0,0x10);  break; 
066A:  CLRF   4F
066B:  MOVLW  10
066C:  MOVWF  50
066D:  CALL   04A
066E:  GOTO   674
....................       
....................      #if defined(LCD_EXTENDED_NEWLINE) 
....................       default     :  
....................          if (g_LcdX < LCD_LINE_LENGTH) 
....................          { 
....................             lcd_send_byte(1, c); 
....................             g_LcdX++; 
....................          } 
....................          break; 
....................      #else 
....................       default     : lcd_send_byte(1,c);     break; 
066F:  MOVLW  01
0670:  MOVWF  4F
0671:  MOVF   4A,W
0672:  MOVWF  50
0673:  CALL   04A
....................      #endif 
....................    } 
0674:  RETURN
.................... } 
....................   
.................... char lcd_getc(unsigned int8 x, unsigned int8 y) 
.................... { 
....................    char value; 
....................  
....................    lcd_gotoxy(x,y); 
....................    while ( bit_test(lcd_read_byte(),7) ); // wait until busy flag is low 
....................    lcd_output_rs(1); 
....................    value = lcd_read_byte(); 
....................    lcd_output_rs(0); 
....................     
....................    return(value); 
.................... } 
....................  
.................... // write a custom character to the ram 
.................... // which is 0-7 and specifies which character array we are modifying. 
.................... // ptr points to an array of 8 bytes, where each byte is the next row of 
.................... //    pixels.  only bits 0-4 are used.  the last row is the cursor row, and 
.................... //    usually you will want to leave this byte 0x00. 
.................... void lcd_set_cgram_char(unsigned int8 which, unsigned int8 *ptr) 
.................... { 
....................    unsigned int i; 
....................  
....................    which <<= 3; 
....................    which &= 0x38; 
....................  
....................    lcd_send_byte(0, 0x40 | which);  //set cgram address 
....................  
....................    for(i=0; i<8; i++) 
....................    { 
....................       lcd_send_byte(1, *ptr++); 
....................    } 
....................    
....................    #if defined(LCD_EXTENDED_NEWLINE) 
....................     lcd_gotoxy(g_LcdX+1, g_LcdY+1);  //set ddram address 
....................    #endif 
.................... } 
....................  
.................... void lcd_cursor_on(int1 on) 
.................... { 
....................    if (on) 
....................    { 
....................       lcd_send_byte(0,0x0F);           //turn LCD cursor ON 
....................    } 
....................    else 
....................    { 
....................       lcd_send_byte(0,0x0C);           //turn LCD cursor OFF 
....................    } 
.................... } 
....................  
.................... #endif 
....................  
.................... #include <MPU6050.c>                      // Libreria para el manejo del modulo MPU6050 
.................... /* #include <MPU6050.c> 
.................... * 
.................... * Creada por: Ing. Abiezer Hernandez O. 
.................... * Fecha de creacion: 24/04/2019 
.................... * Electronica y Circuitos 
.................... * 
.................... */ 
....................  
.................... #define W_DATA         0xD0 
.................... #define R_DATA         0xD1 
.................... #define PWR_MGMT_1     0x6B 
.................... #define PWR_MGMT_2     0x6C 
.................... #define SMPRT_DIV      0x19 
.................... #define CONFIG_R       0x1A 
.................... #define GYRO_CONFIG    0x1B 
.................... #define ACCEL_CONFIG   0x1C 
.................... #define ACCEL_XOUT_H   0x3B 
.................... #define ACCEL_XOUT_L   0x3C 
.................... #define ACCEL_YOUT_H   0x3D 
.................... #define ACCEL_YOUT_L   0x3E 
.................... #define ACCEL_ZOUT_H   0x3F 
.................... #define ACCEL_ZOUT_L   0x40 
.................... #define TEMP_OUT_H     0x41 
.................... #define TEMP_OUT_L     0x42 
.................... #define GYRO_XOUT_H    0x43 
.................... #define GYRO_XOUT_L    0x44 
.................... #define GYRO_YOUT_H    0x45 
.................... #define GYRO_YOUT_L    0x46 
.................... #define GYRO_ZOUT_H    0x47 
.................... #define GYRO_ZOUT_L    0x48 
....................  
.................... void mpu6050_write(int add, int data) 
.................... { 
....................    i2c_start(); 
*
0126:  BSF    20.4
0127:  MOVF   20,W
0128:  BSF    03.5
0129:  MOVWF  07
012A:  MOVLW  04
012B:  MOVWF  77
012C:  DECFSZ 77,F
012D:  GOTO   12C
012E:  BCF    03.5
012F:  BSF    20.3
0130:  MOVF   20,W
0131:  BSF    03.5
0132:  MOVWF  07
0133:  MOVLW  03
0134:  MOVWF  77
0135:  DECFSZ 77,F
0136:  GOTO   135
0137:  BCF    03.5
0138:  BCF    07.4
0139:  BCF    20.4
013A:  MOVF   20,W
013B:  BSF    03.5
013C:  MOVWF  07
013D:  MOVLW  04
013E:  MOVWF  77
013F:  DECFSZ 77,F
0140:  GOTO   13F
0141:  BCF    03.5
0142:  BCF    07.3
0143:  BCF    20.3
0144:  MOVF   20,W
0145:  BSF    03.5
0146:  MOVWF  07
....................    i2c_write(W_DATA); 
0147:  MOVLW  D0
0148:  BCF    03.5
0149:  MOVWF  46
014A:  CALL   0CA
....................    i2c_write(add); 
014B:  MOVF   3D,W
014C:  MOVWF  46
014D:  CALL   0CA
....................    i2c_write(data); 
014E:  MOVF   3E,W
014F:  MOVWF  46
0150:  CALL   0CA
....................    i2c_stop(); 
0151:  BCF    20.4
0152:  MOVF   20,W
0153:  BSF    03.5
0154:  MOVWF  07
0155:  NOP
0156:  BCF    03.5
0157:  BSF    20.3
0158:  MOVF   20,W
0159:  BSF    03.5
015A:  MOVWF  07
015B:  BCF    03.5
015C:  BTFSS  07.3
015D:  GOTO   15C
015E:  MOVLW  04
015F:  MOVWF  77
0160:  DECFSZ 77,F
0161:  GOTO   160
0162:  GOTO   163
0163:  NOP
0164:  BSF    20.4
0165:  MOVF   20,W
0166:  BSF    03.5
0167:  MOVWF  07
0168:  MOVLW  04
0169:  MOVWF  77
016A:  DECFSZ 77,F
016B:  GOTO   16A
016C:  BCF    03.5
016D:  RETURN
.................... } 
....................  
.................... unsigned int mpu6050_read(int add) 
.................... { 
....................    unsigned int retval; 
....................    i2c_start(); 
*
0180:  BSF    20.4
0181:  MOVF   20,W
0182:  BSF    03.5
0183:  MOVWF  07
0184:  MOVLW  04
0185:  MOVWF  77
0186:  DECFSZ 77,F
0187:  GOTO   186
0188:  BCF    03.5
0189:  BSF    20.3
018A:  MOVF   20,W
018B:  BSF    03.5
018C:  MOVWF  07
018D:  MOVLW  03
018E:  MOVWF  77
018F:  DECFSZ 77,F
0190:  GOTO   18F
0191:  BCF    03.5
0192:  BCF    07.4
0193:  BCF    20.4
0194:  MOVF   20,W
0195:  BSF    03.5
0196:  MOVWF  07
0197:  MOVLW  04
0198:  MOVWF  77
0199:  DECFSZ 77,F
019A:  GOTO   199
019B:  BCF    03.5
019C:  BCF    07.3
019D:  BCF    20.3
019E:  MOVF   20,W
019F:  BSF    03.5
01A0:  MOVWF  07
....................    i2c_write(W_DATA); 
01A1:  MOVLW  D0
01A2:  BCF    03.5
01A3:  MOVWF  46
01A4:  CALL   0CA
....................    i2c_write(add); 
01A5:  MOVF   44,W
01A6:  MOVWF  46
01A7:  CALL   0CA
....................    i2c_start(); 
01A8:  BSF    20.4
01A9:  MOVF   20,W
01AA:  BSF    03.5
01AB:  MOVWF  07
01AC:  MOVLW  04
01AD:  MOVWF  77
01AE:  DECFSZ 77,F
01AF:  GOTO   1AE
01B0:  BCF    03.5
01B1:  BSF    20.3
01B2:  MOVF   20,W
01B3:  BSF    03.5
01B4:  MOVWF  07
01B5:  MOVLW  03
01B6:  MOVWF  77
01B7:  DECFSZ 77,F
01B8:  GOTO   1B7
01B9:  BCF    03.5
01BA:  BTFSS  07.3
01BB:  GOTO   1BA
01BC:  BCF    07.4
01BD:  BCF    20.4
01BE:  MOVF   20,W
01BF:  BSF    03.5
01C0:  MOVWF  07
01C1:  MOVLW  04
01C2:  MOVWF  77
01C3:  DECFSZ 77,F
01C4:  GOTO   1C3
01C5:  BCF    03.5
01C6:  BCF    07.3
01C7:  BCF    20.3
01C8:  MOVF   20,W
01C9:  BSF    03.5
01CA:  MOVWF  07
....................    i2c_write(R_DATA); 
01CB:  MOVLW  D1
01CC:  BCF    03.5
01CD:  MOVWF  46
01CE:  CALL   0CA
....................    retval = i2c_read(0); 
01CF:  CLRF   77
*
0222:  MOVF   78,W
0223:  BCF    03.5
0224:  MOVWF  45
....................    i2c_stop(); 
0225:  BCF    20.4
0226:  MOVF   20,W
0227:  BSF    03.5
0228:  MOVWF  07
0229:  NOP
022A:  BCF    03.5
022B:  BSF    20.3
022C:  MOVF   20,W
022D:  BSF    03.5
022E:  MOVWF  07
022F:  BCF    03.5
0230:  BTFSS  07.3
0231:  GOTO   230
0232:  MOVLW  04
0233:  MOVWF  77
0234:  DECFSZ 77,F
0235:  GOTO   234
0236:  GOTO   237
0237:  NOP
0238:  BSF    20.4
0239:  MOVF   20,W
023A:  BSF    03.5
023B:  MOVWF  07
023C:  MOVLW  04
023D:  MOVWF  77
023E:  DECFSZ 77,F
023F:  GOTO   23E
....................    return retval; 
0240:  BCF    03.5
0241:  MOVF   45,W
0242:  MOVWF  78
0243:  RETURN
.................... } 
....................  
.................... void mpu6050_init() 
.................... { 
....................    mpu6050_write(PWR_MGMT_1, 0x00); 
*
016E:  MOVLW  6B
016F:  MOVWF  3D
0170:  CLRF   3E
0171:  CALL   126
....................    delay_ms(100); 
0172:  MOVLW  64
0173:  MOVWF  4B
0174:  CALL   01F
....................    mpu6050_write(SMPRT_DIV, 0x07); 
0175:  MOVLW  19
0176:  MOVWF  3D
0177:  MOVLW  07
0178:  MOVWF  3E
0179:  CALL   126
....................    delay_ms(100); 
017A:  MOVLW  64
017B:  MOVWF  4B
017C:  CALL   01F
017D:  BSF    0A.3
017E:  BCF    0A.4
017F:  GOTO   172 (RETURN)
.................... } 
....................  
.................... float mpu6050_get_ax(void) 
*
0333:  MOVLW  3B
0334:  MOVWF  44
0335:  CALL   180
0336:  MOVF   78,W
0337:  MOVWF  43
0338:  MOVLW  3C
0339:  MOVWF  44
033A:  CALL   180
033B:  MOVF   78,W
033C:  MOVWF  44
033D:  MOVF   43,W
033E:  MOVWF  3E
033F:  MOVF   78,W
0340:  MOVWF  3D
0341:  MOVF   3E,W
0342:  MOVWF  46
0343:  MOVF   3D,W
0344:  MOVWF  45
0345:  CALL   244
0346:  MOVF   7A,W
0347:  MOVWF  48
0348:  MOVF   79,W
0349:  MOVWF  47
034A:  MOVF   78,W
034B:  MOVWF  46
034C:  MOVF   77,W
034D:  MOVWF  45
034E:  MOVF   7A,W
034F:  MOVWF  4C
0350:  MOVF   79,W
0351:  MOVWF  4B
0352:  MOVF   78,W
0353:  MOVWF  4A
0354:  MOVF   77,W
0355:  MOVWF  49
0356:  CLRF   50
0357:  CLRF   4F
0358:  CLRF   4E
0359:  MOVLW  8D
035A:  MOVWF  4D
035B:  CALL   269
035C:  MOVF   7A,W
035D:  MOVWF  42
035E:  MOVF   79,W
035F:  MOVWF  41
0360:  MOVF   78,W
0361:  MOVWF  40
0362:  MOVF   77,W
0363:  MOVWF  3F
.................... { 
....................    signed long axv = make16(mpu6050_read(ACCEL_XOUT_H), mpu6050_read(ACCEL_XOUT_L)); 
....................    float acx = (float)axv/(float)16384; 
....................    return acx; 
0364:  MOVF   3F,W
0365:  MOVWF  77
0366:  MOVF   40,W
0367:  MOVWF  78
0368:  MOVF   41,W
0369:  MOVWF  79
036A:  MOVF   42,W
036B:  MOVWF  7A
036C:  BSF    0A.3
036D:  BCF    0A.4
036E:  GOTO   175 (RETURN)
.................... } 
....................  
.................... float mpu6050_get_ay(void) 
036F:  MOVLW  3D
0370:  MOVWF  44
0371:  CALL   180
0372:  MOVF   78,W
0373:  MOVWF  43
0374:  MOVLW  3E
0375:  MOVWF  44
0376:  CALL   180
0377:  MOVF   78,W
0378:  MOVWF  44
0379:  MOVF   43,W
037A:  MOVWF  3E
037B:  MOVF   78,W
037C:  MOVWF  3D
037D:  MOVF   3E,W
037E:  MOVWF  46
037F:  MOVF   3D,W
0380:  MOVWF  45
0381:  CALL   244
0382:  MOVF   7A,W
0383:  MOVWF  48
0384:  MOVF   79,W
0385:  MOVWF  47
0386:  MOVF   78,W
0387:  MOVWF  46
0388:  MOVF   77,W
0389:  MOVWF  45
038A:  MOVF   7A,W
038B:  MOVWF  4C
038C:  MOVF   79,W
038D:  MOVWF  4B
038E:  MOVF   78,W
038F:  MOVWF  4A
0390:  MOVF   77,W
0391:  MOVWF  49
0392:  CLRF   50
0393:  CLRF   4F
0394:  CLRF   4E
0395:  MOVLW  8D
0396:  MOVWF  4D
0397:  CALL   269
0398:  MOVF   7A,W
0399:  MOVWF  42
039A:  MOVF   79,W
039B:  MOVWF  41
039C:  MOVF   78,W
039D:  MOVWF  40
039E:  MOVF   77,W
039F:  MOVWF  3F
.................... { 
....................    signed long ayv = make16(mpu6050_read(ACCEL_YOUT_H), mpu6050_read(ACCEL_YOUT_L)); 
....................    float acy = (float)ayv/(float)16384; 
....................    return acy; 
03A0:  MOVF   3F,W
03A1:  MOVWF  77
03A2:  MOVF   40,W
03A3:  MOVWF  78
03A4:  MOVF   41,W
03A5:  MOVWF  79
03A6:  MOVF   42,W
03A7:  MOVWF  7A
03A8:  BSF    0A.3
03A9:  BCF    0A.4
03AA:  GOTO   180 (RETURN)
.................... } 
....................  
.................... float mpu6050_get_az(void) 
03AB:  MOVLW  3F
03AC:  MOVWF  44
03AD:  CALL   180
03AE:  MOVF   78,W
03AF:  MOVWF  43
03B0:  MOVLW  40
03B1:  MOVWF  44
03B2:  CALL   180
03B3:  MOVF   78,W
03B4:  MOVWF  44
03B5:  MOVF   43,W
03B6:  MOVWF  3E
03B7:  MOVF   78,W
03B8:  MOVWF  3D
03B9:  MOVF   3E,W
03BA:  MOVWF  46
03BB:  MOVF   3D,W
03BC:  MOVWF  45
03BD:  CALL   244
03BE:  MOVF   7A,W
03BF:  MOVWF  48
03C0:  MOVF   79,W
03C1:  MOVWF  47
03C2:  MOVF   78,W
03C3:  MOVWF  46
03C4:  MOVF   77,W
03C5:  MOVWF  45
03C6:  MOVF   7A,W
03C7:  MOVWF  4C
03C8:  MOVF   79,W
03C9:  MOVWF  4B
03CA:  MOVF   78,W
03CB:  MOVWF  4A
03CC:  MOVF   77,W
03CD:  MOVWF  49
03CE:  CLRF   50
03CF:  CLRF   4F
03D0:  CLRF   4E
03D1:  MOVLW  8D
03D2:  MOVWF  4D
03D3:  CALL   269
03D4:  MOVF   7A,W
03D5:  MOVWF  42
03D6:  MOVF   79,W
03D7:  MOVWF  41
03D8:  MOVF   78,W
03D9:  MOVWF  40
03DA:  MOVF   77,W
03DB:  MOVWF  3F
.................... { 
....................    signed long azv = make16(mpu6050_read(ACCEL_ZOUT_H), mpu6050_read(ACCEL_ZOUT_L)); 
....................    float acz = (float)azv/(float)16384; 
....................    return acz; 
03DC:  MOVF   3F,W
03DD:  MOVWF  77
03DE:  MOVF   40,W
03DF:  MOVWF  78
03E0:  MOVF   41,W
03E1:  MOVWF  79
03E2:  MOVF   42,W
03E3:  MOVWF  7A
03E4:  BSF    0A.3
03E5:  BCF    0A.4
03E6:  GOTO   18B (RETURN)
.................... } 
....................  
.................... float mpu6050_get_gx(void) 
03E7:  MOVLW  43
03E8:  MOVWF  44
03E9:  CALL   180
03EA:  MOVF   78,W
03EB:  MOVWF  43
03EC:  MOVLW  44
03ED:  MOVWF  44
03EE:  CALL   180
03EF:  MOVF   78,W
03F0:  MOVWF  44
03F1:  MOVF   43,W
03F2:  MOVWF  3E
03F3:  MOVF   78,W
03F4:  MOVWF  3D
03F5:  MOVF   3E,W
03F6:  MOVWF  46
03F7:  MOVF   3D,W
03F8:  MOVWF  45
03F9:  CALL   244
03FA:  MOVF   7A,W
03FB:  MOVWF  48
03FC:  MOVF   79,W
03FD:  MOVWF  47
03FE:  MOVF   78,W
03FF:  MOVWF  46
0400:  MOVF   77,W
0401:  MOVWF  45
0402:  MOVF   7A,W
0403:  MOVWF  4C
0404:  MOVF   79,W
0405:  MOVWF  4B
0406:  MOVF   78,W
0407:  MOVWF  4A
0408:  MOVF   77,W
0409:  MOVWF  49
040A:  CLRF   50
040B:  CLRF   4F
040C:  MOVLW  03
040D:  MOVWF  4E
040E:  MOVLW  86
040F:  MOVWF  4D
0410:  CALL   269
0411:  MOVF   7A,W
0412:  MOVWF  42
0413:  MOVF   79,W
0414:  MOVWF  41
0415:  MOVF   78,W
0416:  MOVWF  40
0417:  MOVF   77,W
0418:  MOVWF  3F
.................... { 
....................    signed long gxv = make16(mpu6050_read(GYRO_XOUT_H), mpu6050_read(GYRO_XOUT_L)); 
....................    float grx = (float)gxv/(float)131; 
....................    return grx; 
0419:  MOVF   3F,W
041A:  MOVWF  77
041B:  MOVF   40,W
041C:  MOVWF  78
041D:  MOVF   41,W
041E:  MOVWF  79
041F:  MOVF   42,W
0420:  MOVWF  7A
0421:  BSF    0A.3
0422:  BCF    0A.4
0423:  GOTO   196 (RETURN)
.................... } 
....................  
.................... float mpu6050_get_gy(void) 
0424:  MOVLW  45
0425:  MOVWF  44
0426:  CALL   180
0427:  MOVF   78,W
0428:  MOVWF  43
0429:  MOVLW  46
042A:  MOVWF  44
042B:  CALL   180
042C:  MOVF   78,W
042D:  MOVWF  44
042E:  MOVF   43,W
042F:  MOVWF  3E
0430:  MOVF   78,W
0431:  MOVWF  3D
0432:  MOVF   3E,W
0433:  MOVWF  46
0434:  MOVF   3D,W
0435:  MOVWF  45
0436:  CALL   244
0437:  MOVF   7A,W
0438:  MOVWF  48
0439:  MOVF   79,W
043A:  MOVWF  47
043B:  MOVF   78,W
043C:  MOVWF  46
043D:  MOVF   77,W
043E:  MOVWF  45
043F:  MOVF   7A,W
0440:  MOVWF  4C
0441:  MOVF   79,W
0442:  MOVWF  4B
0443:  MOVF   78,W
0444:  MOVWF  4A
0445:  MOVF   77,W
0446:  MOVWF  49
0447:  CLRF   50
0448:  CLRF   4F
0449:  MOVLW  03
044A:  MOVWF  4E
044B:  MOVLW  86
044C:  MOVWF  4D
044D:  CALL   269
044E:  MOVF   7A,W
044F:  MOVWF  42
0450:  MOVF   79,W
0451:  MOVWF  41
0452:  MOVF   78,W
0453:  MOVWF  40
0454:  MOVF   77,W
0455:  MOVWF  3F
.................... { 
....................    signed long gyv = make16(mpu6050_read(GYRO_YOUT_H), mpu6050_read(GYRO_YOUT_L)); 
....................    float gry = (float)gyv/(float)131; 
....................    return gry; 
0456:  MOVF   3F,W
0457:  MOVWF  77
0458:  MOVF   40,W
0459:  MOVWF  78
045A:  MOVF   41,W
045B:  MOVWF  79
045C:  MOVF   42,W
045D:  MOVWF  7A
045E:  BSF    0A.3
045F:  BCF    0A.4
0460:  GOTO   1A1 (RETURN)
.................... } 
....................  
.................... float mpu6050_get_gz(void) 
0461:  MOVLW  47
0462:  MOVWF  44
0463:  CALL   180
0464:  MOVF   78,W
0465:  MOVWF  43
0466:  MOVLW  48
0467:  MOVWF  44
0468:  CALL   180
0469:  MOVF   78,W
046A:  MOVWF  44
046B:  MOVF   43,W
046C:  MOVWF  3E
046D:  MOVF   78,W
046E:  MOVWF  3D
046F:  MOVF   3E,W
0470:  MOVWF  46
0471:  MOVF   3D,W
0472:  MOVWF  45
0473:  CALL   244
0474:  MOVF   7A,W
0475:  MOVWF  48
0476:  MOVF   79,W
0477:  MOVWF  47
0478:  MOVF   78,W
0479:  MOVWF  46
047A:  MOVF   77,W
047B:  MOVWF  45
047C:  MOVF   7A,W
047D:  MOVWF  4C
047E:  MOVF   79,W
047F:  MOVWF  4B
0480:  MOVF   78,W
0481:  MOVWF  4A
0482:  MOVF   77,W
0483:  MOVWF  49
0484:  CLRF   50
0485:  CLRF   4F
0486:  MOVLW  03
0487:  MOVWF  4E
0488:  MOVLW  86
0489:  MOVWF  4D
048A:  CALL   269
048B:  MOVF   7A,W
048C:  MOVWF  42
048D:  MOVF   79,W
048E:  MOVWF  41
048F:  MOVF   78,W
0490:  MOVWF  40
0491:  MOVF   77,W
0492:  MOVWF  3F
.................... { 
....................    signed long gzv = make16(mpu6050_read(GYRO_ZOUT_H), mpu6050_read(GYRO_ZOUT_L)); 
....................    float grz = (float)gzv/(float)131; 
....................    return grz; 
0493:  MOVF   3F,W
0494:  MOVWF  77
0495:  MOVF   40,W
0496:  MOVWF  78
0497:  MOVF   41,W
0498:  MOVWF  79
0499:  MOVF   42,W
049A:  MOVWF  7A
049B:  BSF    0A.3
049C:  BCF    0A.4
049D:  GOTO   1AC (RETURN)
.................... } 
....................  
.................... float mpu6050_get_temp() 
049E:  MOVLW  41
049F:  MOVWF  44
04A0:  CALL   180
04A1:  MOVF   78,W
04A2:  MOVWF  43
04A3:  MOVLW  42
04A4:  MOVWF  44
04A5:  CALL   180
04A6:  MOVF   78,W
04A7:  MOVWF  44
04A8:  MOVF   43,W
04A9:  MOVWF  3E
04AA:  MOVF   44,W
04AB:  MOVWF  3D
04AC:  MOVF   3E,W
04AD:  MOVWF  46
04AE:  MOVF   3D,W
04AF:  MOVWF  45
04B0:  CALL   244
04B1:  MOVF   7A,W
04B2:  MOVWF  4C
04B3:  MOVF   79,W
04B4:  MOVWF  4B
04B5:  MOVF   78,W
04B6:  MOVWF  4A
04B7:  MOVF   77,W
04B8:  MOVWF  49
04B9:  CLRF   50
04BA:  CLRF   4F
04BB:  MOVLW  2A
04BC:  MOVWF  4E
04BD:  MOVLW  87
04BE:  MOVWF  4D
04BF:  CALL   269
04C0:  MOVF   7A,W
04C1:  MOVWF  48
04C2:  MOVF   79,W
04C3:  MOVWF  47
04C4:  MOVF   78,W
04C5:  MOVWF  46
04C6:  MOVF   77,W
04C7:  MOVWF  45
04C8:  CLRF   4A
04C9:  MOVF   04,W
04CA:  MOVWF  49
04CB:  BCF    4A.0
04CC:  BTFSC  03.7
04CD:  BSF    4A.0
04CE:  BCF    03.1
04CF:  MOVF   48,W
04D0:  MOVWF  4E
04D1:  MOVF   47,W
04D2:  MOVWF  4D
04D3:  MOVF   46,W
04D4:  MOVWF  4C
04D5:  MOVF   45,W
04D6:  MOVWF  4B
04D7:  MOVLW  B8
04D8:  MOVWF  52
04D9:  MOVLW  1E
04DA:  MOVWF  51
04DB:  MOVLW  12
04DC:  MOVWF  50
04DD:  MOVLW  84
04DE:  MOVWF  4F
*
061F:  MOVF   49,W
0620:  MOVWF  04
0621:  BCF    03.7
0622:  BTFSC  4A.0
0623:  BSF    03.7
0624:  MOVF   7A,W
0625:  MOVWF  42
0626:  MOVF   79,W
0627:  MOVWF  41
0628:  MOVF   78,W
0629:  MOVWF  40
062A:  MOVF   77,W
062B:  MOVWF  3F
.................... { 
....................    signed long tmpv = make16(mpu6050_read(TEMP_OUT_H), mpu6050_read(TEMP_OUT_L)); 
....................    float tmp_mpu = (float)(tmpv/(float)340 + (float)36.53); 
....................    return tmp_mpu; 
062C:  MOVF   3F,W
062D:  MOVWF  77
062E:  MOVF   40,W
062F:  MOVWF  78
0630:  MOVF   41,W
0631:  MOVWF  79
0632:  MOVF   42,W
0633:  MOVWF  7A
0634:  BSF    0A.3
0635:  BCF    0A.4
0636:  GOTO   1B7 (RETURN)
.................... } 
....................  
.................... float Ax, Ay, Az, Gx, Gy, Gz, t;          // Variables para almacenar los datos del acelerometro y giroscopio 
....................  
.................... void main() 
*
095F:  MOVF   03,W
0960:  ANDLW  1F
0961:  MOVWF  03
0962:  MOVLW  FF
0963:  MOVWF  20
0964:  BSF    03.5
0965:  BSF    1F.0
0966:  BSF    1F.1
0967:  BSF    1F.2
0968:  BCF    1F.3
0969:  MOVLW  07
096A:  MOVWF  1C
096B:  BCF    03.7
.................... { 
....................    lcd_init();                            // Inicializa la pantalla LCD 
096C:  BCF    0A.3
096D:  BCF    03.5
096E:  GOTO   08C
096F:  BSF    0A.3
....................    MPU6050_init();                        // Inicializa MPU6050 
0970:  BCF    0A.3
0971:  GOTO   16E
0972:  BSF    0A.3
....................     
....................    while(true) 
....................    { 
....................       Ax = MPU6050_get_Ax();              // Acelerometro eje x 
0973:  BCF    0A.3
0974:  GOTO   333
0975:  BSF    0A.3
0976:  MOVF   7A,W
0977:  MOVWF  24
0978:  MOVF   79,W
0979:  MOVWF  23
097A:  MOVF   78,W
097B:  MOVWF  22
097C:  MOVF   77,W
097D:  MOVWF  21
....................       Ay = MPU6050_get_Ay();              // Acelerometro eje y 
097E:  BCF    0A.3
097F:  GOTO   36F
0980:  BSF    0A.3
0981:  MOVF   7A,W
0982:  MOVWF  28
0983:  MOVF   79,W
0984:  MOVWF  27
0985:  MOVF   78,W
0986:  MOVWF  26
0987:  MOVF   77,W
0988:  MOVWF  25
....................       Az = MPU6050_get_Az();              // Acelerometro eje z 
0989:  BCF    0A.3
098A:  GOTO   3AB
098B:  BSF    0A.3
098C:  MOVF   7A,W
098D:  MOVWF  2C
098E:  MOVF   79,W
098F:  MOVWF  2B
0990:  MOVF   78,W
0991:  MOVWF  2A
0992:  MOVF   77,W
0993:  MOVWF  29
....................        
....................       Gx = MPU6050_get_Gx();              // Giroscopio eje x 
0994:  BCF    0A.3
0995:  GOTO   3E7
0996:  BSF    0A.3
0997:  MOVF   7A,W
0998:  MOVWF  30
0999:  MOVF   79,W
099A:  MOVWF  2F
099B:  MOVF   78,W
099C:  MOVWF  2E
099D:  MOVF   77,W
099E:  MOVWF  2D
....................       Gy = MPU6050_get_Gy();              // Giroscopio eje y 
099F:  BCF    0A.3
09A0:  GOTO   424
09A1:  BSF    0A.3
09A2:  MOVF   7A,W
09A3:  MOVWF  34
09A4:  MOVF   79,W
09A5:  MOVWF  33
09A6:  MOVF   78,W
09A7:  MOVWF  32
09A8:  MOVF   77,W
09A9:  MOVWF  31
....................       Gz = MPU6050_get_Gz();              // Giroscopio eje z 
09AA:  BCF    0A.3
09AB:  GOTO   461
09AC:  BSF    0A.3
09AD:  MOVF   7A,W
09AE:  MOVWF  38
09AF:  MOVF   79,W
09B0:  MOVWF  37
09B1:  MOVF   78,W
09B2:  MOVWF  36
09B3:  MOVF   77,W
09B4:  MOVWF  35
....................        
....................       t = MPU6050_get_Temp();             // Temperatura 
09B5:  BCF    0A.3
09B6:  GOTO   49E
09B7:  BSF    0A.3
09B8:  MOVF   7A,W
09B9:  MOVWF  3C
09BA:  MOVF   79,W
09BB:  MOVWF  3B
09BC:  MOVF   78,W
09BD:  MOVWF  3A
09BE:  MOVF   77,W
09BF:  MOVWF  39
....................        
....................       //lcd_clear(); 
....................       lcd_gotoxy(1,1); 
09C0:  MOVLW  01
09C1:  MOVWF  4B
09C2:  MOVWF  4C
09C3:  BCF    0A.3
09C4:  CALL   637
09C5:  BSF    0A.3
....................       printf(lcd_putc, "Ax:%0.2f Ay:%0.2f", Ax, Ay); // Imprime Ax y Ay en la primera lnea 
09C6:  MOVLW  41
09C7:  MOVWF  4A
09C8:  BCF    0A.3
09C9:  CALL   649
09CA:  BSF    0A.3
09CB:  MOVLW  78
09CC:  MOVWF  4A
09CD:  BCF    0A.3
09CE:  CALL   649
09CF:  BSF    0A.3
09D0:  MOVLW  3A
09D1:  MOVWF  4A
09D2:  BCF    0A.3
09D3:  CALL   649
09D4:  BSF    0A.3
09D5:  MOVLW  C9
09D6:  MOVWF  04
09D7:  MOVF   24,W
09D8:  MOVWF  40
09D9:  MOVF   23,W
09DA:  MOVWF  3F
09DB:  MOVF   22,W
09DC:  MOVWF  3E
09DD:  MOVF   21,W
09DE:  MOVWF  3D
09DF:  MOVLW  02
09E0:  MOVWF  41
09E1:  CALL   000
09E2:  MOVLW  08
09E3:  BSF    03.6
09E4:  MOVWF  0D
09E5:  MOVLW  00
09E6:  MOVWF  0F
09E7:  BCF    03.0
09E8:  MOVLW  04
09E9:  BCF    03.6
09EA:  MOVWF  3D
09EB:  BCF    0A.3
09EC:  CALL   6C4
09ED:  BSF    0A.3
09EE:  MOVLW  C9
09EF:  MOVWF  04
09F0:  MOVF   28,W
09F1:  MOVWF  40
09F2:  MOVF   27,W
09F3:  MOVWF  3F
09F4:  MOVF   26,W
09F5:  MOVWF  3E
09F6:  MOVF   25,W
09F7:  MOVWF  3D
09F8:  MOVLW  02
09F9:  MOVWF  41
09FA:  CALL   000
....................        
....................       lcd_gotoxy(1,2); 
09FB:  MOVLW  01
09FC:  MOVWF  4B
09FD:  MOVLW  02
09FE:  MOVWF  4C
09FF:  BCF    0A.3
0A00:  CALL   637
0A01:  BSF    0A.3
....................       printf(lcd_putc, "Az:%0.2f Gx:%0.2f", Az, Gx); // Imprime Az y Gx en la segunda lnea 
0A02:  MOVLW  41
0A03:  MOVWF  4A
0A04:  BCF    0A.3
0A05:  CALL   649
0A06:  BSF    0A.3
0A07:  MOVLW  7A
0A08:  MOVWF  4A
0A09:  BCF    0A.3
0A0A:  CALL   649
0A0B:  BSF    0A.3
0A0C:  MOVLW  3A
0A0D:  MOVWF  4A
0A0E:  BCF    0A.3
0A0F:  CALL   649
0A10:  BSF    0A.3
0A11:  MOVLW  C9
0A12:  MOVWF  04
0A13:  MOVF   2C,W
0A14:  MOVWF  40
0A15:  MOVF   2B,W
0A16:  MOVWF  3F
0A17:  MOVF   2A,W
0A18:  MOVWF  3E
0A19:  MOVF   29,W
0A1A:  MOVWF  3D
0A1B:  MOVLW  02
0A1C:  MOVWF  41
0A1D:  CALL   000
0A1E:  MOVLW  11
0A1F:  BSF    03.6
0A20:  MOVWF  0D
0A21:  MOVLW  00
0A22:  MOVWF  0F
0A23:  BCF    03.0
0A24:  MOVLW  04
0A25:  BCF    03.6
0A26:  MOVWF  3D
0A27:  BCF    0A.3
0A28:  CALL   6C4
0A29:  BSF    0A.3
0A2A:  MOVLW  C9
0A2B:  MOVWF  04
0A2C:  MOVF   30,W
0A2D:  MOVWF  40
0A2E:  MOVF   2F,W
0A2F:  MOVWF  3F
0A30:  MOVF   2E,W
0A31:  MOVWF  3E
0A32:  MOVF   2D,W
0A33:  MOVWF  3D
0A34:  MOVLW  02
0A35:  MOVWF  41
0A36:  CALL   000
....................        
....................       // Si deseas mostrar ms informacin, puedes alternar entre diferentes pantallas con delays 
....................       delay_ms(200); 
0A37:  MOVLW  C8
0A38:  MOVWF  4B
0A39:  BCF    0A.3
0A3A:  CALL   01F
0A3B:  BSF    0A.3
....................       //lcd_clear(); 
....................        
....................       lcd_gotoxy(1,1); 
0A3C:  MOVLW  01
0A3D:  MOVWF  4B
0A3E:  MOVWF  4C
0A3F:  BCF    0A.3
0A40:  CALL   637
0A41:  BSF    0A.3
....................       printf(lcd_putc, "Gy:%0.2f Gz:%0.2f", Gy, Gz); // Imprime Gy y Gz en la primera lnea 
0A42:  MOVLW  47
0A43:  MOVWF  4A
0A44:  BCF    0A.3
0A45:  CALL   649
0A46:  BSF    0A.3
0A47:  MOVLW  79
0A48:  MOVWF  4A
0A49:  BCF    0A.3
0A4A:  CALL   649
0A4B:  BSF    0A.3
0A4C:  MOVLW  3A
0A4D:  MOVWF  4A
0A4E:  BCF    0A.3
0A4F:  CALL   649
0A50:  BSF    0A.3
0A51:  MOVLW  C9
0A52:  MOVWF  04
0A53:  MOVF   34,W
0A54:  MOVWF  40
0A55:  MOVF   33,W
0A56:  MOVWF  3F
0A57:  MOVF   32,W
0A58:  MOVWF  3E
0A59:  MOVF   31,W
0A5A:  MOVWF  3D
0A5B:  MOVLW  02
0A5C:  MOVWF  41
0A5D:  CALL   000
0A5E:  MOVLW  1A
0A5F:  BSF    03.6
0A60:  MOVWF  0D
0A61:  MOVLW  00
0A62:  MOVWF  0F
0A63:  BCF    03.0
0A64:  MOVLW  04
0A65:  BCF    03.6
0A66:  MOVWF  3D
0A67:  BCF    0A.3
0A68:  CALL   6C4
0A69:  BSF    0A.3
0A6A:  MOVLW  C9
0A6B:  MOVWF  04
0A6C:  MOVF   38,W
0A6D:  MOVWF  40
0A6E:  MOVF   37,W
0A6F:  MOVWF  3F
0A70:  MOVF   36,W
0A71:  MOVWF  3E
0A72:  MOVF   35,W
0A73:  MOVWF  3D
0A74:  MOVLW  02
0A75:  MOVWF  41
0A76:  CALL   000
....................        
....................       lcd_gotoxy(1,2); 
0A77:  MOVLW  01
0A78:  MOVWF  4B
0A79:  MOVLW  02
0A7A:  MOVWF  4C
0A7B:  BCF    0A.3
0A7C:  CALL   637
0A7D:  BSF    0A.3
....................       printf(lcd_putc, "T:%0.2f", t); // Imprime la temperatura en la segunda lnea 
0A7E:  MOVLW  54
0A7F:  MOVWF  4A
0A80:  BCF    0A.3
0A81:  CALL   649
0A82:  BSF    0A.3
0A83:  MOVLW  3A
0A84:  MOVWF  4A
0A85:  BCF    0A.3
0A86:  CALL   649
0A87:  BSF    0A.3
0A88:  MOVLW  C9
0A89:  MOVWF  04
0A8A:  MOVF   3C,W
0A8B:  MOVWF  40
0A8C:  MOVF   3B,W
0A8D:  MOVWF  3F
0A8E:  MOVF   3A,W
0A8F:  MOVWF  3E
0A90:  MOVF   39,W
0A91:  MOVWF  3D
0A92:  MOVLW  02
0A93:  MOVWF  41
0A94:  CALL   000
....................       delay_ms(200); 
0A95:  MOVLW  C8
0A96:  MOVWF  4B
0A97:  BCF    0A.3
0A98:  CALL   01F
0A99:  BSF    0A.3
0A9A:  GOTO   173
....................    } 
.................... } 
0A9B:  SLEEP

Configuration Fuses:
   Word  1: 3F3A   HS NOWDT NOPUT NOBROWNOUT NOLVP NOCPD NOWRT NODEBUG NOPROTECT
