
ROM used:   2352/8192 (29%)
            2399/8192 (29%) including unused fragments

            1.8 Average locations per line
            19.0 Average locations per statement

RAM used:   34/368 (9%) at main() level
            64/368 (17%) worst case

Stack used: 5 worst case (5 in main + 0 for interrupts)
Stack size: 8

Lines Stmts  %   Files
----- ----- ---  -----
   36    16  13  helipuerto.c
  671     0   0  ..\..\..\..\..\..\..\Program Files (x86)\PICC\Devices\16f877a.h
  456    84  68  ..\..\..\..\..\..\..\Program Files (x86)\PICC\Drivers\lcd.c
  110    24  19  MPU6050.c
----- -----
 1273   124 Total

Page ROM  %  RAM   Vol Diff  Functions:
---- --- --- ---   --- ----  ----------
0     20   1    1             @delay_ms1
 Inline         3             @I2C_READ_1
0     92   4    1             @I2C_WRITE_1
 Inline         3   596  5.9  lcd_read_byte
0      6   0    0    59  4.2  lcd_read_nibble
0     17   1    1   179  3.3  lcd_send_nibble
0     66   3    3   460  4.7  lcd_send_byte
0     62   3    6   814  7.2  lcd_init
0     18   1    4   208  6.3  lcd_gotoxy
0     44   2    1   354  4.7  lcd_putc
0     72   3    2   102  1.8  mpu6050_write
0    196   8    2   174  2.4  mpu6050_read
0     18   1    0    88  1.7  mpu6050_init
0     37   2    2   104  3.2  @SITOF
0    202   9   14             @DIVFF
0     60   3   12   140  3.5  mpu6050_get_ax
0     60   3   12   140  3.5  mpu6050_get_ay
0     60   3   12   140  3.5  mpu6050_get_az
0     61   3   12   140  3.5  mpu6050_get_gx
0     61   3   12   140  3.5  mpu6050_get_gy
0     61   3   12   140  3.5  mpu6050_get_gz
 Inline        16   127  3.7  @ADDFF
0    409  17   14   163  4.0  mpu6050_get_temp
0    191   8    0   453  2.8  MAIN
0      9   0    0             @const710
 Inline        13             @MULFF
 Inline         5             @FTOSD
0     79   3   13             @DIV3232
1    351  15   13             @PRINTF_L32D_652FPFPF
0     87   4    5             @PSTRINGCN7_652
0      9   0    0             @const724
 Inline         0             @cinit1

Program metrics:
    Functions               20
    Statements              124
    Comments                239
    Volume (V)              8542
    Difficulty (D)          74.5
    Effort to implement (E) 636387
    Time to implement (T)   9 hours, 49 minutes
    Est Delivered Bugs (B)  2
    Cyclomatic Complexity   8
    Maintainability (MI)    70

 Segment     Used  Free
-----------  ----  ----
00000-00003     4  0  
00004-007FF  1997  47  
00800-00FFF   351  1697  
01000-017FF     0  2048  
01800-01FFF     0  2048  



