
ROM used:   322/8192 (4%)
            322/8192 (4%) including unused fragments

            0.1 Average locations per line
            0.6 Average locations per statement

RAM used:   24/368 (7%) at main() level
            33/368 (9%) worst case

Stack used: 4 worst case (2 in main + 2 for interrupts)
Stack size: 8

Lines Stmts  %   Files
----- ----- ---  -----
   67    46   9  proyectoInt.c
  671     0   0  ..\..\..\..\..\Program Files (x86)\PICC\Devices\16f877A.h
   34     0   0  ..\..\..\..\..\Program Files (x86)\PICC\Drivers\stdbool.h
 1351   359  68  ..\..\..\..\..\Program Files (x86)\PICC\Drivers\stdlib.h
   32     0   0  ..\..\..\..\..\Program Files (x86)\PICC\Drivers\stddef.h
  423   125  24  ..\..\..\..\..\Program Files (x86)\PICC\Drivers\string.h
   28     0   0  ..\..\..\..\..\Program Files (x86)\PICC\Drivers\ctype.h
----- -----
 2606   530 Total

Page ROM  %  RAM   Vol Diff  Functions:
---- --- --- ---   --- ----  ----------
0     20   6    1             @delay_ms1
0     18   6    1    56  1.6  EXT_isr
0    123  38    1   987  3.9  MAIN
0     82  25    2    94  1.7  mover
0     32  10    6    17  0.8  @WRITEBITA
 Inline         0    17  0.8  @cinit1

Program metrics:
    Functions               5
    Statements              530
    Comments                909
    Volume (V)              1439
    Difficulty (D)          9.8
    Effort to implement (E) 14071
    Time to implement (T)   13 minutes
    Est Delivered Bugs (B)  0
    Cyclomatic Complexity   5
    Maintainability (MI)    110

 Segment     Used  Free
-----------  ----  ----
00000-00003     4  0  
00004-0002E    43  0  
0002F-007FF   275  1726  
00800-00FFF     0  2048  
01000-017FF     0  2048  
01800-01FFF     0  2048  



