CCS PCM C Compiler, Version 5.015, 5967               04-sept.-24 13:15

               Filename:   C:\Users\harol\OneDrive\Desktop\programa proyecto\proyectoInt.lst

               ROM used:   322 words (4%)
                           Largest free fragment is 2048
               RAM used:   24 (7%) at main() level
                           33 (9%) worst case
               Stack used: 4 locations (2 in main + 2 for interrupts)
               Stack size: 8

*
0000:  MOVLW  00
0001:  MOVWF  0A
0002:  GOTO   0C7
0003:  NOP
0004:  MOVWF  7F
0005:  SWAPF  03,W
0006:  CLRF   03
0007:  MOVWF  21
0008:  MOVF   0A,W
0009:  MOVWF  20
000A:  CLRF   0A
000B:  MOVF   04,W
000C:  MOVWF  22
000D:  MOVF   77,W
000E:  MOVWF  23
000F:  MOVF   78,W
0010:  MOVWF  24
0011:  MOVF   79,W
0012:  MOVWF  25
0013:  MOVF   7A,W
0014:  MOVWF  26
0015:  BCF    03.7
0016:  BCF    03.5
0017:  BTFSS  0B.4
0018:  GOTO   01B
0019:  BTFSC  0B.1
001A:  GOTO   02C
001B:  MOVF   22,W
001C:  MOVWF  04
001D:  MOVF   23,W
001E:  MOVWF  77
001F:  MOVF   24,W
0020:  MOVWF  78
0021:  MOVF   25,W
0022:  MOVWF  79
0023:  MOVF   26,W
0024:  MOVWF  7A
0025:  MOVF   20,W
0026:  MOVWF  0A
0027:  SWAPF  21,W
0028:  MOVWF  03
0029:  SWAPF  7F,F
002A:  SWAPF  7F,W
002B:  RETFIE
002C:  BCF    0A.3
002D:  BCF    0A.4
002E:  GOTO   043
.................... #include <16f877A.h> 
.................... //////////// Standard Header file for the PIC16F877A device //////////////// 
.................... /////////////////////////////////////////////////////////////////////////// 
.................... ////        (C) Copyright 1996, 2013 Custom Computer Services          //// 
.................... //// This source code may only be used by licensed users of the CCS C  //// 
.................... //// compiler.  This source code may only be distributed to other      //// 
.................... //// licensed users of the CCS C compiler.  No other use, reproduction //// 
.................... //// or distribution is permitted without written permission.          //// 
.................... //// Derivative programs created using this software in object code    //// 
.................... //// form are not restricted in any way.                               //// 
.................... /////////////////////////////////////////////////////////////////////////// 
.................... #device PIC16F877A 
*
0055:  MOVF   34,W
0056:  ANDLW  07
0057:  MOVWF  77
0058:  RRF    34,W
0059:  MOVWF  78
005A:  RRF    78,F
005B:  RRF    78,F
005C:  MOVLW  1F
005D:  ANDWF  78,F
005E:  MOVF   78,W
005F:  ADDWF  36,W
0060:  MOVWF  04
0061:  BCF    03.7
0062:  BTFSC  37.0
0063:  BSF    03.7
0064:  CLRF   78
0065:  INCF   78,F
0066:  INCF   77,F
0067:  GOTO   069
0068:  RLF    78,F
0069:  DECFSZ 77,F
006A:  GOTO   068
006B:  MOVF   35,F
006C:  BTFSC  03.2
006D:  GOTO   071
006E:  MOVF   78,W
006F:  IORWF  00,F
0070:  GOTO   074
0071:  COMF   78,F
0072:  MOVF   78,W
0073:  ANDWF  00,F
0074:  RETURN
....................  
.................... #list 
....................  
.................... #include <stdbool.h> 
.................... /////////////////////////////////////////////////////////////////////////// 
.................... ////                                                                   //// 
.................... ////                          stdbool.h                                //// 
.................... ////                                                                   //// 
.................... //// Standard boolean definitions                                      //// 
.................... ////                                                                   //// 
.................... /////////////////////////////////////////////////////////////////////////// 
.................... ////        (C) Copyright 1996,2012 Custom Computer Services           //// 
.................... //// This source code may only be used by licensed users of the CCS C  //// 
.................... //// compiler.  This source code may only be distributed to other      //// 
.................... //// licensed users of the CCS C compiler.  No other use, reproduction //// 
.................... //// or distribution is permitted without written permission.          //// 
.................... //// Derivative programs created using this software in object code    //// 
.................... //// form are not restricted in any way.                               //// 
.................... /////////////////////////////////////////////////////////////////////////// 
....................  
.................... #ifndef __STDBOOL_H__ 
.................... #define __STDBOOL_H__ 
....................  
.................... //remove TRUE and FALSE added by CCS's device .h file 
.................... #if defined(TRUE) 
.................... #undef TRUE 
.................... #endif 
.................... #if defined(FALSE) 
.................... #undef FALSE 
.................... #endif 
....................  
.................... typedef int1   bool; 
.................... #define true   1 
.................... #define false  0 
.................... #define __bool_true_false_are_defined  1 
....................  
.................... #endif 
....................  
.................... #include <stdlib.h> 
.................... /////////////////////////////////////////////////////////////////////////// 
.................... ////        (C) Copyright 1996,2007 Custom Computer Services           //// 
.................... //// This source code may only be used by licensed users of the CCS C  //// 
.................... //// compiler.  This source code may only be distributed to other      //// 
.................... //// licensed users of the CCS C compiler.  No other use, reproduction //// 
.................... //// or distribution is permitted without written permission.          //// 
.................... //// Derivative programs created using this software in object code    //// 
.................... //// form are not restricted in any way.                               //// 
.................... /////////////////////////////////////////////////////////////////////////// 
....................  
.................... #ifndef _STDLIB 
.................... #define _STDLIB 
....................  
.................... //--------------------------------------------------------------------------- 
.................... // Definitions and types 
.................... //--------------------------------------------------------------------------- 
....................  
.................... #ifndef RAND_MAX 
.................... #define RAND_MAX  32767    // The value of which is the maximum value 
....................                            // ... returned by the rand function 
.................... #endif 
....................  
....................  
.................... #IF (sizeof(int16*)>1) 
.................... #DEFINE LONG_POINTERS 1 
.................... #ELSE  
.................... #DEFINE LONG_POINTERS 0 
.................... #ENDIF 
....................  
.................... typedef struct { 
....................    signed int quot; 
....................    signed int rem; 
.................... } div_t; 
....................  
.................... typedef struct { 
....................    signed long quot; 
....................    signed long rem; 
.................... } ldiv_t; 
....................  
.................... #include <stddef.h> 
.................... /////////////////////////////////////////////////////////////////////////// 
.................... ////        (C) Copyright 1996,2003 Custom Computer Services           //// 
.................... //// This source code may only be used by licensed users of the CCS C  //// 
.................... //// compiler.  This source code may only be distributed to other      //// 
.................... //// licensed users of the CCS C compiler.  No other use, reproduction //// 
.................... //// or distribution is permitted without written permission.          //// 
.................... //// Derivative programs created using this software in object code    //// 
.................... //// form are not restricted in any way.                               //// 
.................... /////////////////////////////////////////////////////////////////////////// 
....................  
.................... #ifndef _STDDEF 
....................  
.................... #define _STDDEF 
....................  
.................... #if sizeof(unsigned int8 *)==1 
.................... #define ptrdiff_t unsigned int8 
.................... #else 
.................... #define ptrdiff_t unsigned int16 
.................... #endif 
....................  
.................... #if defined(__PCB__) 
.................... #define size_t unsigned int8 
.................... #else 
.................... #define size_t unsigned int16 
.................... #endif 
.................... #define wchar_t char 
.................... #define NULL 0 
....................  
.................... #define offsetof(s,f) (offsetofbit(s,f)/8) 
....................  
.................... #endif 
....................  
....................  
.................... //--------------------------------------------------------------------------- 
.................... // String conversion functions 
.................... //--------------------------------------------------------------------------- 
....................  
.................... /* Standard template: signed int  atoi(char * s) 
....................  * converts the initial portion of the string s to a signed int 
....................  * returns the converted value if any, 0 otherwise 
....................  */ 
.................... signed int atoi(char *s); 
....................  
.................... /* Syntax: signed int32  atoi32(char * s) 
....................    converts the initial portion of the string s to a signed int32 
....................    returns the converted value if any, 0 otherwise*/ 
.................... #if (sizeof(long)==4) 
....................  #define atoi32(s) atol(s) 
.................... #else  
....................  signed int32 atoi32(char *s); 
.................... #endif 
....................  
.................... #if defined(__PCD__) 
.................... // The following functions only work on the 24 bit compiler 
.................... // for the 30F, 33F, 24F and 24H parts 
.................... /* Syntax: signed int48  atoi48(char * s) 
....................    converts the initial portion of the string s to a signed int48 
....................    returns the converted value if any, 0 otherwise*/ 
....................     
.................... signed int48 atoi48(char *s); 
....................  
.................... /* Syntax: signed int64  atoi64(char * s) 
....................    converts the initial portion of the string s to a signed int64 
....................    returns the converted value if any, 0 otherwise*/ 
.................... signed int64 atoi64(char *s); 
.................... #endif 
....................  
.................... /* Syntax: char *  itoa(signed int32 num, int8 base, char * s) 
....................    converts the signed int32 to a string and 
....................    returns the converted value if any, 0 otherwise*/ 
.................... char * itoa(signed int32 num, unsigned int base, char * s); 
....................  
.................... /* Standard template: signed int16  atol(char * s) 
....................  * converts the initial portion of the string s to a signed int16 
....................  * returns the converted value if any, 0 otherwise 
....................  */ 
.................... signed long atol(char *s); 
....................  
.................... /* Standard template: int16 strtoul(char * s,char *endptr,signed int base) 
....................  * converts the initial portion of the string s, represented as an 
....................  * integral value of radix base  to a signed long. 
....................  * Returns the converted value if any, 0 otherwise 
....................  * the final string is returned in the endptr, if endptr is not null 
....................  */ 
.................... signed long strtol(char *s,char *endptr, signed int base); 
....................  
.................... /* Standard template: int16 strtoul(char * s,char *endptr,signed int base) 
....................  * converts the initial portion of the string s, represented as an 
....................  * integral value of radix base to a unsigned long. 
....................  * returns the converted value if any, 0 otherwise 
....................  * the final string is returned in the endptr, if endptr is not null 
....................  */ 
.................... unsigned long strtoul(char *s,char *endptr, signed int base); 
....................  
.................... /* Standart template: float strtof(char * s,char *endptr) 
....................                       float48 strtof48(char *s,char *endptr); 
....................                       float64 strtod(char *s,char *endptr); 
....................  * converts the initial portion of the string s to a float32, float48 or float64, 
....................  * returns the converted value if any, 0 otherwise 
....................  * the final string is returned in the endptr, if endptr is not null                    
.................... */ 
.................... float strtof(char *s,char *endptr); 
.................... #if defined(__PCD__) 
.................... float48 strtof48(char *s,char *endptr); 
.................... float64 strtod(char *s,char *endptr); 
.................... #else 
.................... //provided for compatibility 
.................... #define strtof48(s, e) strtof(s, e) 
.................... #define strtod(s, e) strtof(s, e) 
.................... #endif 
....................  
.................... /* Standard template: float32 atof(char * s) 
....................  * converts the initial portion of the string s to a float. 
....................  * returns the converted value if any, 0 otherwise 
....................  */ 
.................... #define atof(s)   strtof(s, 0) 
....................  
.................... #if defined(__PCD__) 
.................... // The following functions only work on the 24 bit compiler 
.................... // for the 30F, 33F, 24F and 24H parts 
....................  
.................... /* Standard template: float48 atof48(char * s) 
....................  * converts the initial portion of the string s to a float. 
....................  * returns the converted value if any, 0 otherwise 
....................  */ 
.................... #define atof48(s) strtof48(s, 0) 
....................  
.................... /* Standard template: float64 atof64(char * s) 
....................  * converts the initial portion of the string s to a float. 
....................  * returns the converted value if any, 0 otherwise 
....................  */ 
.................... #define atof64(s) strtod(s, 0) 
.................... #endif 
....................  
.................... /* Standard template: float32 atoe(char * s) 
....................  * converts the initial portion of the string s to a float. 
....................  * returns the converted value if any, 0 otherwise 
....................  * also handles E format numbers 
....................  */ 
.................... #if !defined(__PCD__) 
.................... float atoe(char * s); 
.................... #endif 
....................  
.................... #if defined(__PCD__) 
.................... float32 atoe(char * s); 
.................... #endif 
....................  
.................... //--------------------------------------------------------------------------- 
.................... // Pseudo-random sequence generation functions 
.................... //--------------------------------------------------------------------------- 
....................  
.................... /* The rand function computes a sequence of pseudo-random integers in 
....................  * the range 0 to RAND_MAX 
....................  * 
....................  * Parameters: 
....................  *       (none) 
....................  * 
....................  * Returns: 
....................  *       The pseudo-random integer 
....................  */ 
.................... unsigned int16 rand(void); 
....................  
.................... /* The srand function uses the argument as a seed for a new sequence of 
....................  * pseudo-random numbers to be returned by subsequent calls to rand. 
....................  * 
....................  * Parameters: 
....................  *       [in] seed: The seed value to start from. You might need to pass 
....................  * 
....................  * Returns: 
....................  *       (none) 
....................  * 
....................  * Remarks 
....................  *          The srand function sets the starting point for generating 
....................  *       a series of pseudorandom integers. To reinitialize the 
....................  *       generator, use 1 as the seed argument. Any other value for 
....................  *       seed sets the generator to a random starting point. rand 
....................  *       retrieves the pseudorandom numbers that are generated. 
....................  *       Calling rand before any call to srand generates the same 
....................  *       sequence as calling srand with seed passed as 1. 
....................  *          Usually, you need to pass a time here from outer source 
....................  *       so that the numbers will be different every time you run. 
....................  */ 
.................... void srand(unsigned int32 seed); 
....................  
.................... //--------------------------------------------------------------------------- 
.................... // Memory management functions 
.................... //--------------------------------------------------------------------------- 
....................  
.................... // Comming soon 
....................  
.................... //--------------------------------------------------------------------------- 
.................... // Communication with the environment 
.................... //--------------------------------------------------------------------------- 
....................  
.................... /* The function returns 0 always 
....................  */ 
.................... signed int8 system(char *string); 
....................  
.................... //--------------------------------------------------------------------------- 
.................... // Searching and sorting utilities 
.................... //--------------------------------------------------------------------------- 
....................  
.................... /* Performs a binary search of a sorted array.. 
....................  * 
....................  * Parameters: 
....................  *       [in] key: Object to search for 
....................  *       [in] base: Pointer to base of search data 
....................  *       [in] num: Number of elements 
....................  *       [in] width: Width of elements 
....................  *       [in] compare: Function that compares two elements 
....................  * 
....................  * Returns: 
....................  *       bsearch returns a pointer to an occurrence of key in the array pointed 
....................  *       to by base. If key is not found, the function returns NULL. If the 
....................  *       array is not in order or contains duplicate records with identical keys, 
....................  *       the result is unpredictable. 
....................  */ 
.................... //void *bsearch(const void *key, const void *base, size_t num, size_t width, 
.................... //              int (*compare)(const void *, const void *)); 
....................  
.................... /* Performs the shell-metzner sort (not the quick sort algorithm). The contents 
....................  * of the array are sorted into ascending order according to a comparison 
....................  * function pointed to by compar. 
....................  * 
....................  * Parameters: 
....................  *       [in] base: Pointer to base of search data 
....................  *       [in] num: Number of elements 
....................  *       [in] width: Width of elements 
....................  *       [in] compare: Function that compares two elements 
....................  * 
....................  * Returns: 
....................  *       (none) 
....................  */ 
.................... //void *qsort(const void *base, size_t num, size_t width, 
.................... //              int (*compare)(const void *, const void *)); 
....................  
.................... //--------------------------------------------------------------------------- 
.................... // Integer arithmetic functions 
.................... //--------------------------------------------------------------------------- 
....................  
.................... #define labs abs 
....................  
.................... div_t div(signed int numer, signed int denom); 
.................... ldiv_t ldiv(signed long numer, signed long denom); 
....................  
.................... //--------------------------------------------------------------------------- 
.................... // Multibyte character functions 
.................... //--------------------------------------------------------------------------- 
....................  
.................... // Not supported 
....................  
.................... //--------------------------------------------------------------------------- 
.................... // Multibyte string functions 
.................... //--------------------------------------------------------------------------- 
....................  
.................... // Not supported 
....................  
....................  
.................... //--------------------------------------------------------------------------- 
.................... // Internal implementation 
.................... //--------------------------------------------------------------------------- 
....................  
.................... #include <stddef.h> 
.................... /////////////////////////////////////////////////////////////////////////// 
.................... ////        (C) Copyright 1996,2003 Custom Computer Services           //// 
.................... //// This source code may only be used by licensed users of the CCS C  //// 
.................... //// compiler.  This source code may only be distributed to other      //// 
.................... //// licensed users of the CCS C compiler.  No other use, reproduction //// 
.................... //// or distribution is permitted without written permission.          //// 
.................... //// Derivative programs created using this software in object code    //// 
.................... //// form are not restricted in any way.                               //// 
.................... /////////////////////////////////////////////////////////////////////////// 
....................  
.................... #ifndef _STDDEF 
....................  
.................... #define _STDDEF 
....................  
.................... #if sizeof(unsigned int8 *)==1 
.................... #define ptrdiff_t unsigned int8 
.................... #else 
.................... #define ptrdiff_t unsigned int16 
.................... #endif 
....................  
.................... #if defined(__PCB__) 
.................... #define size_t unsigned int8 
.................... #else 
.................... #define size_t unsigned int16 
.................... #endif 
.................... #define wchar_t char 
.................... #define NULL 0 
....................  
.................... #define offsetof(s,f) (offsetofbit(s,f)/8) 
....................  
.................... #endif 
....................  
.................... #include <string.h> 
.................... //////////////////////////////////////////////////////////////////////////// 
.................... ////        (C) Copyright 1996,2008 Custom Computer Services            //// 
.................... //// This source code may only be used by licensed users of the CCS C   //// 
.................... //// compiler.  This source code may only be distributed to other       //// 
.................... //// licensed users of the CCS C compiler.  No other use, reproduction  //// 
.................... //// or distribution is permitted without written permission.           //// 
.................... //// Derivative programs created using this software in object code     //// 
.................... //// form are not restricted in any way.                                //// 
.................... //////////////////////////////////////////////////////////////////////////// 
....................  
.................... #ifndef _STRING 
.................... #define _STRING 
.................... #include <stddef.h> 
.................... /////////////////////////////////////////////////////////////////////////// 
.................... ////        (C) Copyright 1996,2003 Custom Computer Services           //// 
.................... //// This source code may only be used by licensed users of the CCS C  //// 
.................... //// compiler.  This source code may only be distributed to other      //// 
.................... //// licensed users of the CCS C compiler.  No other use, reproduction //// 
.................... //// or distribution is permitted without written permission.          //// 
.................... //// Derivative programs created using this software in object code    //// 
.................... //// form are not restricted in any way.                               //// 
.................... /////////////////////////////////////////////////////////////////////////// 
....................  
.................... #ifndef _STDDEF 
....................  
.................... #define _STDDEF 
....................  
.................... #if sizeof(unsigned int8 *)==1 
.................... #define ptrdiff_t unsigned int8 
.................... #else 
.................... #define ptrdiff_t unsigned int16 
.................... #endif 
....................  
.................... #if defined(__PCB__) 
.................... #define size_t unsigned int8 
.................... #else 
.................... #define size_t unsigned int16 
.................... #endif 
.................... #define wchar_t char 
.................... #define NULL 0 
....................  
.................... #define offsetof(s,f) (offsetofbit(s,f)/8) 
....................  
.................... #endif 
....................  
.................... #include <ctype.h> 
.................... //////////////////////////////////////////////////////////////////////////// 
.................... ////        (C) Copyright 1996,2003 Custom Computer Services            //// 
.................... //// This source code may only be used by licensed users of the CCS C   //// 
.................... //// compiler.  This source code may only be distributed to other       //// 
.................... //// licensed users of the CCS C compiler.  No other use, reproduction  //// 
.................... //// or distribution is permitted without written permission.           //// 
.................... //// Derivative programs created using this software in object code     //// 
.................... //// form are not restricted in any way.                                //// 
.................... //////////////////////////////////////////////////////////////////////////// 
....................  
.................... #ifndef _CTYPE 
.................... #define _CTYPE 
....................  
.................... #define islower(x)  isamong(x,"abcdefghijklmnopqrstuvwxyz") 
.................... #define isupper(x)  isamong(x,"ABCDEFGHIJKLMNOPQRSTUVWXYZ") 
.................... #define isalnum(x)  isamong(x,"0123456789ABCDEFGHIJKLMNOPQRSTUVWXYZabcdefghijklmnopqrstuvwxyz") 
.................... #define isalpha(x)  isamong(x,"ABCDEFGHIJKLMNOPQRSTUVWXYZabcdefghijklmnopqrstuvwxyz") 
.................... #define isdigit(x)  isamong(x,"0123456789") 
.................... #define isspace(x)  ((x)==' ') 
.................... #define isxdigit(x) isamong(x,"0123456789ABCDEFabcdef") 
.................... #define iscntrl(x)  ((x)<' ') 
.................... #define isprint(x)  ((x)>=' ') 
.................... #define isgraph(x)  ((x)>' ') 
.................... #define ispunct(x)  (((x)>' ')&&!isalnum(x)) 
....................  
.................... #endif 
....................  
....................  
....................  
....................  
....................  
.................... ////////////////////////////////////////////// 
.................... //// Uncomment the following define to    //// 
.................... //// allow some functions to use a        //// 
.................... //// quicker algorithm, but use more ROM  //// 
.................... ////                                      //// 
.................... //// #define FASTER_BUT_MORE_ROM          //// 
.................... ////////////////////////////////////////////// 
....................  
....................  
....................  
.................... /*Copying functions*/ 
.................... /* standard template: 
....................    void *memmove(void *s1, void *s2, size_t n). 
....................    Copies max of n characters safely (not following ending '\0') 
....................    from s2 in s1; if s2 has less than n characters, appends 0 */ 
....................  
.................... char *memmove(void *s1,char *s2,size_t n) 
.................... { 
....................    char *sc1; 
....................    char *sc2; 
....................    sc1=s1; 
....................    sc2=s2; 
....................    if(sc2<sc1 && sc1 <sc2 +n) 
....................       for(sc1+=n,sc2+=n;0<n;--n) 
....................          *--sc1=*--sc2; 
....................    else 
....................       for(;0<n;--n) 
....................          *sc1++=*sc2++; 
....................   return s1; 
....................   } 
....................  
.................... /* Standard template: char *strcpy(char *s1, const char *s2) 
....................    copies the string s2 including the null character to s1. 
....................    This is a compiler built in to handle the different address 
....................    spaces */ 
....................  
.................... #define strcopy strcpy 
....................  
.................... /* standard template: 
....................    char *strncpy(char *s1, const char *s2, size_t n). 
....................    Copies max of n characters (not following ending '\0') 
....................    from s2 in s1; if s2 has less than n characters, appends 0 */ 
....................  
.................... char *strncpy(char *s1, char *s2, size_t n) 
.................... { 
....................   char *s; 
....................  
....................   for (s = s1; n > 0 && *s2 != '\0'; n--) 
....................      *s++ = *s2++; 
....................   for (; n > 0; n--) 
....................      *s++ = '\0'; 
....................  
....................   return(s1); 
.................... } 
.................... /***********************************************************/ 
....................  
.................... /*concatenation functions*/ 
.................... /* standard template: char *strcat(char *s1, const char *s2) 
.................... appends s2 to s1*/ 
....................  
.................... char *strcat(char *s1, char *s2) 
.................... { 
....................    char *s; 
....................  
....................    for (s = s1; *s != '\0'; ++s); 
....................    while(*s2 != '\0') 
....................    { 
....................       *s = *s2; 
....................       ++s; 
....................       ++s2; 
....................    } 
....................  
....................    *s = '\0'; 
....................    return(s1); 
.................... } 
.................... /* standard template: char *strncat(char *s1, char *s2,size_t n) 
.................... appends not more than n characters from s2 to s1*/ 
....................  
.................... char *strncat(char *s1, char *s2, size_t n) 
.................... { 
....................    char *s; 
....................  
....................    for (s = s1; *s != '\0'; ++s); 
....................    while(*s2 != '\0' && 0<n) 
....................    { 
....................       *s = *s2; 
....................       ++s; 
....................       ++s2; 
....................       --n; 
....................    } 
....................  
....................    *s = '\0'; 
....................    return(s1); 
.................... } 
....................  
.................... /***********************************************************/ 
....................  
....................  
.................... /*comparison functions*/ 
.................... /* standard template: signed int memcmp(void *s1, void *s2). 
....................    Compares s1 & s2; returns -1 if s1<s2, 0 if s1=s2, 1 if s1>s2 */ 
....................  
.................... signed int8 memcmp(void * s1,char *s2,size_t n) 
.................... { 
.................... char *su1, *su2; 
.................... for(su1=s1, su2=s2; 0<n; ++su1, ++su2, --n) 
.................... { 
....................    if(*su1!=*su2) 
....................       return ((*su1<*su2)?-1:+1); 
.................... } 
.................... return 0; 
.................... } 
....................  
.................... /* standard template: int strcmp(const char *s1, const char *s2). 
....................    Compares s1 & s2; returns -1 if s1<s2, 0 if s1=s2, 1 if s1>s2 */ 
....................  
.................... signed int8 strcmp(char *s1, char *s2) 
.................... { 
....................    for (; *s1 == *s2; s1++, s2++) 
....................       if (*s1 == '\0') 
....................          return(0); 
....................    return((*s1 < *s2) ? -1: 1); 
.................... } 
.................... /* standard template: int strcoll(const char *s1, const char *s2). 
....................    Compares s1 & s2; returns -1 if s1<s2, 0 if s1=s2, 1 if s1>s2 */ 
....................  
.................... signed int8 strcoll(char *s1, char *s2) 
.................... { 
....................    for (; *s1 == *s2; s1++, s2++) 
....................       if (*s1 == '\0') 
....................          return(0); 
....................    return((*s1 < *s2) ? -1: 1); 
.................... } 
....................  
.................... /* standard template: 
....................    int strncmp(const char *s1, const char *s2, size_t n). 
....................    Compares max of n characters (not following 0) from s1 to s2; 
....................    returns same as strcmp */ 
....................  
.................... signed int8 strncmp(char *s1, char *s2, size_t n) 
.................... { 
....................    for (; n > 0; s1++, s2++, n--) 
....................       if (*s1 != *s2) 
....................          return((*s1 <*s2) ? -1: 1); 
....................       else if (*s1 == '\0') 
....................          return(0); 
....................    return(0); 
.................... } 
.................... /* standard template: 
....................    int strxfrm(const char *s1, const char *s2, size_t n). 
....................    transforms maximum of n characters from s2 and places them into s1*/ 
.................... size_t strxfrm(char *s1, char *s2, size_t n) 
.................... { 
....................   char *s; 
....................   unsigned int8 n1; 
....................   n1=n; 
....................   for (s = s1; n > 0 && *s2 != '\0'; n--) 
....................      *s++ = *s2++; 
....................   for (; n > 0; n--) 
....................      *s++ = '\0'; 
....................  
....................   return(n1); 
.................... } 
....................  
....................  
....................  
....................  
....................  
.................... /***********************************************************/ 
.................... /*Search functions*/ 
.................... /* standard template: void *memchr(const char *s, int c). 
....................    Finds first occurrence of c in n characters of s */ 
....................  
.................... char *memchr(void *s,unsigned int8 c,size_t n) 
.................... { 
....................    char uc; 
....................    char *su; 
....................    uc=c; 
....................    for(su=s;0<n;++su,--n) 
....................       if(*su==uc) 
....................       return su; 
....................    return NULL; 
.................... } 
....................  
.................... /* standard template: char *strchr(const char *s, int c). 
....................    Finds first occurrence of c in s */ 
....................  
.................... char *strchr(char *s, unsigned int8 c) 
.................... { 
....................    for (; *s != c; s++) 
....................       if (*s == '\0') 
....................          return(0); 
....................    return(s); 
.................... } 
.................... /* standard template: 
....................    size_t strcspn(const char *s1, const char *s2). 
....................    Computes length of max initial segment of s1 that 
....................    consists entirely of characters NOT from s2*/ 
....................  
.................... unsigned int8  strcspn(char *s1, char *s2) 
.................... { 
....................    char *sc1, *sc2; 
....................  
....................    for (sc1 = s1; *sc1 != 0; sc1++) 
....................       for (sc2 = s2; *sc2 != 0; sc2++) 
....................          if (*sc1 == *sc2) 
....................             return(sc1 - s1); 
....................    return(sc1 - s1); 
.................... } 
.................... /* standard template: 
....................    char *strpbrk(const char *s1, const char *s2). 
....................    Locates first occurence of any character from s2 in s1; 
....................    returns s1 if s2 is empty string */ 
....................  
.................... char *strpbrk(char *s1, char *s2) 
.................... { 
....................    char *sc1, *sc2; 
....................  
....................    for (sc1 = s1; *sc1 != 0; sc1++) 
....................       for (sc2 = s2; *sc2 != 0; sc2++) 
....................          if (*sc1 == *sc2) 
....................             return(sc1); 
....................    return(0); 
.................... } 
....................  
....................  
.................... /* standard template: char *strrchr(const char *s, int c). 
....................    Finds last occurrence of c in s */ 
....................  
.................... char *strrchr(char *s, unsigned int8 c) 
.................... { 
....................    char *p; 
....................  
....................    for (p = 0; ; s++) 
....................    { 
....................       if (*s == c) 
....................          p = s; 
....................       if (*s == '\0') 
....................          return(p); 
....................    } 
.................... } 
.................... /* computes length of max initial segment of s1 consisting 
....................    entirely of characters from s2 */ 
....................  
.................... unsigned int8  strspn(char *s1, char *s2) 
.................... { 
....................    char *sc1, *sc2; 
....................  
....................    for (sc1 = s1; *sc1 != 0; sc1++) 
....................       for (sc2 = s2; ; sc2++) 
....................     if (*sc2 == '\0') 
....................        return(sc1 - s1); 
....................          else if (*sc1 == *sc2) 
....................             break; 
....................    return(sc1 - s1); 
.................... } 
.................... /* standard template: 
....................    char *strstr(const char *s1, const char *s2); 
....................    Locates first occurence of character sequence s2 in s1; 
....................    returns 0 if s2 is empty string 
....................  
....................    Uncomment #define FASTER_BUT_MORE_ROM at the top of the 
....................    file to use the faster algorithm */ 
.................... char *strstr(char *s1, char *s2) 
.................... { 
....................    char *s, *t; 
....................  
....................    #ifdef FASTER_BUT_MORE_ROM 
....................    if (*s2 == '\0') 
....................          return(s1); 
....................    #endif 
....................  
....................    while (*s1) 
....................    { 
....................       for(s = s1, t = s2; *t && (*s == *t); ++s, ++t); 
....................  
....................       if (*t == '\0') 
....................          return s1; 
....................       ++s1; 
....................       #ifdef FASTER_BUT_MORE_ROM 
....................          while(*s1 != '\0' && *s1 != *s2) 
....................             ++s1; 
....................       #endif 
....................    } 
....................    return 0; 
.................... } 
....................  
.................... /* standard template: char *strtok(char *s1, const char *s2). 
....................  
....................    Finds next token in s1 delimited by a character from separator 
....................    string s2 (which can be different from call to call).  First call 
....................    starts at beginning of s1 searching for first character NOT 
....................    contained in s2; returns 0 if none is found. 
....................    If one is found, it is the start of first token (return value). 
....................    Function then searches from there for a character contained in s2. 
....................    If none is found, current token extends to end of s1, and subsequent 
....................    searches for a token will return 0.  If one is found, it is 
....................    overwritten by '\0', which terminates current token.  Function saves 
....................    pointer to following character from which next search will start. 
....................    Each subsequent call, with 0 as first argument, starts searching 
....................    from saved pointer */ 
....................  
.................... char *strtok(char *s1, char *s2) 
.................... { 
....................    char *beg, *end; 
....................    static char *save; 
*
00DA:  BCF    03.5
00DB:  CLRF   28
00DC:  CLRF   29
....................  
....................    beg = (s1)? s1: save; 
....................    beg += strspn(beg, s2); 
....................    if (*beg == '\0') 
....................    { 
....................       *save = ' '; 
....................       return(0); 
....................    } 
....................    end = strpbrk(beg, s2); 
....................    if (*end != '\0') 
....................    { 
....................       *end = '\0'; 
....................       end++; 
....................    } 
....................    save = end; 
....................    return(beg); 
.................... } 
....................  
.................... /*****************************************************************/ 
.................... /*Miscellaneous functions*/ 
.................... /* standard template 
.................... maps error number in errnum to an error message string 
.................... Returns: Pointer to string 
.................... */ 
.................... #ifdef _ERRNO 
.................... char * strerror(unsigned int8 errnum) 
.................... { 
.................... static char s[13]; 
.................... switch( errnum) 
.................... { 
.................... case 0: 
....................    strcpy(s,"no errors"); 
....................    return s; 
.................... case EDOM : 
....................    strcpy(s,"domain error"); 
....................    return s; 
.................... case ERANGE: 
....................    strcpy(s,"range error"); 
....................    return s; 
.................... } 
.................... } 
.................... #ENDIF 
.................... /* standard template: size_t strlen(const char *s). 
....................    Computes length of s1 (preceding terminating 0) */ 
....................  
.................... unsigned int8 strlen(char *s) 
.................... { 
....................    char *sc; 
....................  
....................    for (sc = s; *sc != 0; sc++); 
....................    return(sc - s); 
.................... } 
....................  
.................... /* standard template: size_t stricmp(const char *s1, const char *s2). 
....................    Compares s1 to s2 ignoring case (upper vs. lower) */ 
....................  
.................... signed int8 stricmp(char *s1, char *s2) 
.................... { 
....................  for(; *s1==*s2||(isalpha(*s1)&&isalpha(*s2)&&(*s1==*s2+32||*s2==*s1+32)); 
....................     s1++, s2++) 
....................     if (*s1 == '\0') 
....................        return(0); 
....................  return((*s1 < *s2) ? -1: 1); 
.................... } 
....................  
....................  
.................... /* standard template: char *strlwr(char *s). 
....................    Replaces uppercase letters by lowercase; 
....................    returns pointer to new string s */ 
....................  
.................... char *strlwr(char *s) 
.................... { 
....................    char *p; 
....................  
....................    for (p = s; *p != '\0'; p++) 
....................       if (*p >= 'A' && *p <='Z') 
....................          *p += 'a' - 'A'; 
....................    return(s); 
.................... } 
....................  
.................... /* standard template: char *strupr(char *s). 
....................    Replaces lowercase letters by upercase; 
....................    returns pointer to new string s */ 
....................  
.................... char *strupr(char *s) 
.................... { 
....................    char *p; 
....................  
....................    for (p = s; *p != '\0'; p++) 
....................       if (*p >= 'a' && *p <='z') 
....................          *p -= 'a' - 'A'; 
....................    return(s); 
.................... } 
....................  
....................  
.................... /************************************************************/ 
....................  
....................  
.................... #endif 
....................  
....................  
.................... div_t div(signed int numer, signed int denom) 
.................... { 
....................    div_t val; 
....................    val.quot = numer / denom; 
....................    val.rem = numer - (denom * val.quot); 
....................    return (val); 
.................... } 
....................  
.................... ldiv_t ldiv(signed long numer, signed long denom) 
.................... { 
....................    ldiv_t val; 
....................  
....................    val.quot = numer / denom; 
....................    val.rem = numer - (denom * val.quot); 
....................    return (val); 
.................... } 
....................  
.................... #if defined(__PCD__) 
.................... float32 atoe(char * s) 
.................... { 
....................    float32 pow10 = 1.0; 
....................    float32 result = 0.0; 
....................    unsigned int8 sign = 0; 
....................    unsigned int8 expsign = 0; 
....................    char c; 
....................    unsigned int8 ptr = 0; 
....................    unsigned int8 i; 
....................    float32 exp = 1.0; 
....................    unsigned int8 expcnt = 0; 
....................  
....................    c = s[ptr++]; 
....................  
....................    if ((c>='0' && c<='9') || c=='+' || c=='-' || c=='.' || c=='E' || c=='e') { 
....................       if(c == '-') { 
....................          sign = 1; 
....................          c = s[ptr++]; 
....................       } 
....................       if(c == '+') 
....................          c = s[ptr++]; 
....................  
....................       while((c >= '0' && c <= '9')) { 
....................          result = 10*result + c - '0'; 
....................          c = s[ptr++]; 
....................       } 
....................  
....................       if (c == '.') { 
....................          c = s[ptr++]; 
....................          while((c >= '0' && c <= '9')) { 
....................              pow10 = pow10*10; 
....................              result += (c - '0')/pow10; 
....................              c = s[ptr++]; 
....................          } 
....................       } 
....................  
....................       // Handling the exponent 
....................       if (c=='e' || c=='E') { 
....................          c = s[ptr++]; 
....................  
....................          if(c == '-') { 
....................             expsign = 1; 
....................             c = s[ptr++]; 
....................          } 
....................          if(c == '+') 
....................             c = s[ptr++]; 
....................  
....................          while((c >= '0' && c <= '9')) { 
....................             expcnt = 10*expcnt + c - '0'; 
....................             c = s[ptr++]; 
....................          } 
....................  
....................          for(i=0;i<expcnt;i++) 
....................             exp*=10; 
....................  
....................          if(expsign==1) 
....................             result/=exp; 
....................          else 
....................             result*=exp; 
....................       } 
....................    } 
....................  
....................    if (sign == 1) 
....................       result = -1*result; 
....................    return(result); 
.................... } 
.................... #endif 
....................  
.................... #if !defined(__PCD__) 
.................... float atoe(char * s) 
.................... { 
....................    float pow10 = 1.0; 
....................    float result = 0.0; 
....................    unsigned int8 sign = 0; 
....................    unsigned int8 expsign = 0; 
....................    char c; 
....................    unsigned int8 ptr = 0; 
....................    unsigned int8 i; 
....................    float exp = 1.0; 
....................    unsigned int8 expcnt = 0; 
....................  
....................    c = s[ptr++]; 
....................  
....................    if ((c>='0' && c<='9') || c=='+' || c=='-' || c=='.' || c=='E' || c=='e') { 
....................       if(c == '-') { 
....................          sign = 1; 
....................          c = s[ptr++]; 
....................       } 
....................       if(c == '+') 
....................          c = s[ptr++]; 
....................  
....................       while((c >= '0' && c <= '9')) { 
....................          result = 10*result + c - '0'; 
....................          c = s[ptr++]; 
....................       } 
....................  
....................       if (c == '.') { 
....................          c = s[ptr++]; 
....................          while((c >= '0' && c <= '9')) { 
....................              pow10 = pow10*10; 
....................              result += (c - '0')/pow10; 
....................              c = s[ptr++]; 
....................          } 
....................       } 
....................  
....................       // Handling the exponent 
....................       if (c=='e' || c=='E') { 
....................          c = s[ptr++]; 
....................  
....................          if(c == '-') { 
....................             expsign = 1; 
....................             c = s[ptr++]; 
....................          } 
....................          if(c == '+') 
....................             c = s[ptr++]; 
....................  
....................          while((c >= '0' && c <= '9')) { 
....................             expcnt = 10*expcnt + c - '0'; 
....................             c = s[ptr++]; 
....................          } 
....................  
....................          for(i=0;i<expcnt;i++) 
....................             exp*=10; 
....................  
....................          if(expsign==1) 
....................             result/=exp; 
....................          else 
....................             result*=exp; 
....................       } 
....................    } 
....................  
....................    if (sign == 1) 
....................       result = -1*result; 
....................    return(result); 
.................... } 
.................... #endif 
....................  
.................... signed int atoi(char *s) 
.................... { 
....................    signed int result; 
....................    unsigned int sign, base, index; 
....................    char c; 
....................  
....................    index = 0; 
....................    sign = 0; 
....................    base = 10; 
....................    result = 0; 
....................  
....................    if (!s) 
....................       return 0; 
....................    // Omit all preceeding alpha characters 
....................    c = s[index++]; 
....................  
....................    // increase index if either positive or negative sign is detected 
....................    if (c == '-') 
....................    { 
....................       sign = 1;         // Set the sign to negative 
....................       c = s[index++]; 
....................    } 
....................    else if (c == '+') 
....................    { 
....................       c = s[index++]; 
....................    } 
....................  
....................    if (c >= '0' && c <= '9') 
....................    { 
....................  
....................       // Check for hexa number 
....................       if (c == '0' && (s[index] == 'x' || s[index] == 'X')) 
....................       { 
....................          base = 16; 
....................          index++; 
....................          c = s[index++]; 
....................       } 
....................  
....................       // The number is a decimal number 
....................       if (base == 10) 
....................       { 
....................          while (c >= '0' && c <= '9') 
....................          { 
....................             result = 10*result + (c - '0'); 
....................             c = s[index++]; 
....................          } 
....................       } 
....................       else if (base == 16)    // The number is a hexa number 
....................       { 
....................          c = toupper(c); 
....................          while ( (c >= '0' && c <= '9') || (c >= 'A' && c<='F')) 
....................          { 
....................             if (c >= '0' && c <= '9') 
....................                result = (result << 4) + (c - '0'); 
....................             else 
....................                result = (result << 4) + (c - 'A' + 10); 
....................  
....................             c = s[index++]; 
....................             c = toupper(c); 
....................          } 
....................       } 
....................    } 
....................  
....................    if (sign == 1 && base == 10) 
....................        result = -result; 
....................  
....................    return(result); 
.................... } 
....................  
.................... signed long atol(char *s) 
.................... { 
....................    signed long result; 
....................    unsigned int sign, base, index; 
....................    char c; 
....................  
....................    index = 0; 
....................    sign = 0; 
....................    base = 10; 
....................    result = 0; 
....................  
....................    if (!s) 
....................       return 0; 
....................    c = s[index++]; 
....................  
....................    // increase index if either positive or negative sign is detected 
....................    if (c == '-') 
....................    { 
....................       sign = 1;         // Set the sign to negative 
....................       c = s[index++]; 
....................    } 
....................    else if (c == '+') 
....................    { 
....................       c = s[index++]; 
....................    } 
....................  
....................    if (c >= '0' && c <= '9') 
....................    { 
....................       if (c == '0' && (s[index] == 'x' || s[index] == 'X')) 
....................       { 
....................          base = 16; 
....................          index++; 
....................          c = s[index++]; 
....................       } 
....................  
....................       // The number is a decimal number 
....................       if (base == 10) 
....................       { 
....................          while (c >= '0' && c <= '9') 
....................          { 
....................             result = 10*result + (c - '0'); 
....................             c = s[index++]; 
....................          } 
....................       } 
....................       else if (base == 16)    // The number is a hexa number 
....................       { 
....................          c = toupper(c); 
....................          while ( (c >= '0' && c <= '9') || (c >= 'A' && c <='F')) 
....................          { 
....................             if (c >= '0' && c <= '9') 
....................                result = (result << 4) + (c - '0'); 
....................             else 
....................                result = (result << 4) + (c - 'A' + 10); 
....................  
....................             c = s[index++];c = toupper(c); 
....................          } 
....................       } 
....................    } 
....................  
....................    if (base == 10 && sign == 1) 
....................       result = -result; 
....................  
....................    return(result); 
.................... } 
....................  
.................... /* A fast routine to multiply by 10 
....................  */ 
.................... signed int32 mult_with10(int32 num) 
.................... { 
....................    return ( (num << 1) + (num << 3) ); 
.................... } 
....................  
.................... #if sizeof(long)==2 
.................... signed int32 atoi32(char *s) 
.................... { 
....................    signed int32 result; 
....................    int8 sign, base, index; 
....................    char c; 
....................  
....................    index = 0; 
....................    sign = 0; 
....................    base = 10; 
....................    result = 0; 
....................  
....................    if (!s) 
....................       return 0; 
....................    c = s[index++]; 
....................  
....................    // increase index if either positive or negative sign is detected 
....................    if (c == '-') 
....................    { 
....................       sign = 1;         // Set the sign to negative 
....................       c = s[index++]; 
....................    } 
....................    else if (c == '+') 
....................    { 
....................       c = s[index++]; 
....................    } 
....................  
....................    if (c >= '0' && c <= '9') 
....................    { 
....................       if (c == '0' && (s[index] == 'x' || s[index] == 'X')) 
....................       { 
....................          base = 16; 
....................          index++; 
....................          c = s[index++]; 
....................       } 
....................  
....................       // The number is a decimal number 
....................       if (base == 10) 
....................       { 
....................          while (c >= '0' && c <= '9') { 
....................             result = (result << 1) + (result << 3);  // result *= 10; 
....................             result += (c - '0'); 
....................             c = s[index++]; 
....................          } 
....................       } 
....................       else if (base == 16)    // The number is a hexa number 
....................       { 
....................          c = toupper(c); 
....................          while ((c >= '0' && c <= '9') || (c >= 'A' && c <='F')) 
....................          { 
....................             if (c >= '0' && c <= '9') 
....................                result = (result << 4) + (c - '0'); 
....................             else 
....................                result = (result << 4) + (c - 'A' + 10); 
....................  
....................             c = s[index++];c = toupper(c); 
....................          } 
....................       } 
....................    } 
....................  
....................    if (base == 10 && sign == 1) 
....................       result = -result; 
....................  
....................    return(result); 
.................... } 
.................... #endif 
....................  
.................... #if defined(__PCD__) 
....................  
.................... signed int48 atoi48(char *s) 
.................... { 
....................    signed int48 result; 
....................    int8 sign, base, index; 
....................    char c; 
....................  
....................    index = 0; 
....................    sign = 0; 
....................    base = 10; 
....................    result = 0; 
....................  
....................    if (!s) 
....................       return 0; 
....................    c = s[index++]; 
....................  
....................    // increase index if either positive or negative sign is detected 
....................    if (c == '-') 
....................    { 
....................       sign = 1;         // Set the sign to negative 
....................       c = s[index++]; 
....................    } 
....................    else if (c == '+') 
....................    { 
....................       c = s[index++]; 
....................    } 
....................  
....................    if (c >= '0' && c <= '9') 
....................    { 
....................       if (c == '0' && (s[index] == 'x' || s[index] == 'X')) 
....................       { 
....................          base = 16; 
....................          index++; 
....................          c = s[index++]; 
....................       } 
....................  
....................       // The number is a decimal number 
....................       if (base == 10) 
....................       { 
....................          while (c >= '0' && c <= '9') { 
....................             result = (result << 1) + (result << 3);  // result *= 10; 
....................             result += (c - '0'); 
....................             c = s[index++]; 
....................          } 
....................       } 
....................       else if (base == 16)    // The number is a hexa number 
....................       { 
....................          c = toupper(c); 
....................          while ((c >= '0' && c <= '9') || (c >= 'A' && c <='F')) 
....................          { 
....................             if (c >= '0' && c <= '9') 
....................                result = (result << 4) + (c - '0'); 
....................             else 
....................                result = (result << 4) + (c - 'A' + 10); 
....................  
....................             c = s[index++];c = toupper(c); 
....................          } 
....................       } 
....................    } 
....................  
....................    if (base == 10 && sign == 1) 
....................       result = -result; 
....................  
....................    return(result); 
.................... } 
....................  
.................... signed int64 atoi64(char *s) 
.................... { 
....................    signed int64 result; 
....................    int8 sign, base, index; 
....................    char c; 
....................  
....................    index = 0; 
....................    sign = 0; 
....................    base = 10; 
....................    result = 0; 
....................  
....................    if (!s) 
....................       return 0; 
....................    c = s[index++]; 
....................  
....................    // increase index if either positive or negative sign is detected 
....................    if (c == '-') 
....................    { 
....................       sign = 1;         // Set the sign to negative 
....................       c = s[index++]; 
....................    } 
....................    else if (c == '+') 
....................    { 
....................       c = s[index++]; 
....................    } 
....................  
....................    if (c >= '0' && c <= '9') 
....................    { 
....................       if (c == '0' && (s[index] == 'x' || s[index] == 'X')) 
....................       { 
....................          base = 16; 
....................          index++; 
....................          c = s[index++]; 
....................       } 
....................  
....................       // The number is a decimal number 
....................       if (base == 10) 
....................       { 
....................          while (c >= '0' && c <= '9') { 
....................             result = (result << 1) + (result << 3);  // result *= 10; 
....................             result += (c - '0'); 
....................             c = s[index++]; 
....................          } 
....................       } 
....................       else if (base == 16)    // The number is a hexa number 
....................       { 
....................          c = toupper(c); 
....................          while ((c >= '0' && c <= '9') || (c >= 'A' && c <='F')) 
....................          { 
....................             if (c >= '0' && c <= '9') 
....................                result = (result << 4) + (c - '0'); 
....................             else 
....................                result = (result << 4) + (c - 'A' + 10); 
....................  
....................             c = s[index++];c = toupper(c); 
....................          } 
....................       } 
....................    } 
....................  
....................    if (base == 10 && sign == 1) 
....................       result = -result; 
....................  
....................    return(result); 
.................... } 
.................... #endif 
....................  
.................... char * itoa(signed int32 num, unsigned int base, char * s) 
.................... { 
....................      unsigned int32 temp=1; 
....................      unsigned int8 i,sign=0,cnt=0; 
....................      char c; 
....................  
....................      if(num<0) { 
....................          sign=1;        // Check for negative number 
....................          num*=-1; 
....................      } 
....................  
....................      while(temp>0) { 
....................          temp=(num/base); 
....................          s[cnt]=(num%base)+'0';    // Conversion 
....................  
....................          if(s[cnt]>0x39) 
....................             s[cnt]+=0x7; 
....................  
....................          cnt++; 
....................          num=temp; 
....................      } 
....................  
....................      if(sign==1) { 
....................          s[cnt]=0x2D;      // Negative sign 
....................          cnt++; 
....................      } 
....................  
....................      for(i = 0;i<(int8)(cnt/2);i++) { 
....................  
....................          c=s[i]; 
....................          s[i]=s[cnt-i-1];        // Reverse the number 
....................          s[cnt-i-1]=c; 
....................      } 
....................      s[cnt]='\0';     // End the string 
....................      return s; 
.................... } 
....................  
.................... #if defined(__PCD__) 
....................  
.................... char * itoa(signed int48 num, unsigned int base, char * s) 
.................... { 
....................      unsigned int48 temp=1; 
....................      unsigned int8 i,sign=0,cnt=0; 
....................      char c; 
....................  
....................      if(num<0) { 
....................          sign=1;        // Check for negative number 
....................          num*=-1; 
....................      } 
....................  
....................      while(temp>0) { 
....................          temp=(num/base); 
....................          s[cnt]=(num%base)+'0';    // Conversion 
....................  
....................          if(s[cnt]>0x39) 
....................             s[cnt]+=0x7; 
....................  
....................          cnt++; 
....................          num=temp; 
....................      } 
....................  
....................      if(sign==1) { 
....................          s[cnt]=0x2D;      // Negative sign 
....................          cnt++; 
....................      } 
....................  
....................      for(i = 0;i<(int8)(cnt/2);i++) { 
....................  
....................          c=s[i]; 
....................          s[i]=s[cnt-i-1];        // Reverse the number 
....................          s[cnt-i-1]=c; 
....................      } 
....................      s[cnt]='\0';     // End the string 
....................      return s; 
.................... } 
....................  
.................... char * itoa(signed int64 num, unsigned int base, char * s) 
.................... { 
....................      unsigned int64 temp=1; 
....................      unsigned int8 i,sign=0,cnt=0; 
....................      char c; 
....................       
....................      if(num<0) { 
....................          sign=1;        // Check for negative number 
....................          num*=-1;         
....................      } 
....................  
....................      while(temp>0) { 
....................          temp=(num/base); 
....................          s[cnt]=(num%base)+'0';    // Conversion 
....................  
....................          if(s[cnt]>0x39) 
....................             s[cnt]+=0x7; 
....................              
....................          cnt++; 
....................          num=temp; 
....................      } 
....................  
....................      if(sign==1) { 
....................          s[cnt]=0x2D;      // Negative sign 
....................          cnt++; 
....................      } 
....................  
....................      for(i = 0;i<(int8)(cnt/2);i++) { 
....................  
....................          c=s[i]; 
....................          s[i]=s[cnt-i-1];        // Reverse the number 
....................          s[cnt-i-1]=c; 
....................      } 
....................      s[cnt]='\0';     // End the string 
....................      return s; 
.................... } 
....................  
.................... #endif 
....................  
.................... float strtof(char *s, char *endptr) 
.................... { 
....................    float pow10 = 1.0; 
....................    float result = 0.0; 
....................    int1 skip = 1, sign = 0, point = 0; 
....................    char c; 
....................    unsigned int8 ptr = 0; 
....................  
....................    if (!s) 
....................       return 0; 
....................  
....................    for(c=s[ptr++]; c!=0; c=s[ptr++]) 
....................    { 
....................       if (skip && !isspace(c)) 
....................       { 
....................          skip = 0; 
....................          if (c == '+') 
....................          { 
....................             sign = 0; 
....................             continue; 
....................          }             
....................          else if (c == '-') 
....................          { 
....................             sign = 1; 
....................             continue; 
....................          } 
....................       } 
....................       if (!skip && (c == '.') && !point) 
....................          point = 1; 
....................       else if (!skip && isdigit(c)) 
....................       { 
....................          c -= '0'; 
....................          if (point) 
....................          { 
....................             pow10 = pow10 * 10.0; 
....................             result += (float)c / pow10;    
....................          } 
....................          else 
....................          { 
....................             result = 10.0 * result + (float)c; 
....................          } 
....................       } 
....................       else if (!skip) 
....................          break; 
....................    } 
....................  
....................    if (sign) 
....................       result = -1*result; 
....................        
....................    if(endptr) 
....................    { 
....................       if (ptr) { 
....................          ptr--; 
....................        #IF LONG_POINTERS  
....................          *((int16 *)endptr)= s+ptr;  
....................        #ELSE 
....................          *((char *)endptr)=s+ptr; 
....................        #ENDIF 
....................       } 
....................       else 
....................       { 
....................       #IF LONG_POINTERS 
....................       *((int16 *)endptr)= s;  
....................       #ELSE 
....................       *((char *)endptr)=s; 
....................       #ENDIF 
....................       } 
....................    } 
....................  
....................    return(result); 
.................... } 
....................  
.................... #if defined(__PCD__) 
.................... float48 strtof48(char *s, char *endptr) 
.................... { 
....................    float48 pow10 = 1.0; 
....................    float48 result = 0.0; 
....................    int1 skip = 1, sign = 0, point = 0; 
....................    char c; 
....................    unsigned int8 ptr = 0; 
....................  
....................    if (!s) 
....................       return 0; 
....................  
....................    for(c=s[ptr++]; c!=0; c=s[ptr++]) 
....................    { 
....................       if (skip && !isspace(c)) 
....................       { 
....................          skip = 0; 
....................          if (c == '+') 
....................          { 
....................             sign = 0; 
....................             continue; 
....................          }             
....................          else if (c == '-') 
....................          { 
....................             sign = 1; 
....................             continue; 
....................          } 
....................       } 
....................       if (!skip && (c == '.') && !point) 
....................          point = 1; 
....................       else if (!skip && isdigit(c)) 
....................       { 
....................          c -= '0'; 
....................          if (point) 
....................          { 
....................             pow10 = pow10 * 10.0; 
....................             result += (float48)c / pow10;    
....................          } 
....................          else 
....................          { 
....................             result = 10.0 * result + (float48)c; 
....................          } 
....................       } 
....................       else if (!skip) 
....................          break; 
....................    } 
....................  
....................    if (sign) 
....................       result = -1*result; 
....................        
....................    if(endptr) 
....................    { 
....................       if (ptr) { 
....................          ptr--; 
....................        #IF LONG_POINTERS  
....................          *((int16 *)endptr)= s+ptr;  
....................        #ELSE 
....................          *((char *)endptr)=s+ptr; 
....................        #ENDIF 
....................       } 
....................       else 
....................       { 
....................       #IF LONG_POINTERS 
....................       *((int16 *)endptr)= s;  
....................       #ELSE 
....................       *((char *)endptr)=s; 
....................       #ENDIF 
....................       } 
....................    } 
....................  
....................    return(result); 
.................... } 
....................  
.................... float64 strtod(char *s, char *endptr) 
.................... { 
....................    float64 pow10 = 1.0; 
....................    float64 result = 0.0; 
....................    int1 skip = 1, sign = 0, point = 0; 
....................    char c; 
....................    unsigned int8 ptr = 0; 
....................  
....................    if (!s) 
....................       return 0; 
....................  
....................    for(c=s[ptr++]; c!=0; c=s[ptr++]) 
....................    { 
....................       if (skip && !isspace(c)) 
....................       { 
....................          skip = 0; 
....................          if (c == '+') 
....................          { 
....................             sign = 0; 
....................             continue; 
....................          }             
....................          else if (c == '-') 
....................          { 
....................             sign = 1; 
....................             continue; 
....................          } 
....................       } 
....................       if (!skip && (c == '.') && !point) 
....................          point = 1; 
....................       else if (!skip && isdigit(c)) 
....................       { 
....................          c -= '0'; 
....................          if (point) 
....................          { 
....................             pow10 = pow10 * 10.0; 
....................             result += (float64)c / pow10;    
....................          } 
....................          else 
....................          { 
....................             result = 10.0 * result + (float64)c; 
....................          } 
....................       } 
....................       else if (!skip) 
....................          break; 
....................    } 
....................  
....................    if (sign) 
....................       result = -1*result; 
....................        
....................    if(endptr) 
....................    { 
....................       if (ptr) { 
....................          ptr--; 
....................        #IF LONG_POINTERS  
....................          *((int16 *)endptr)= s+ptr;  
....................        #ELSE 
....................          *((char *)endptr)=s+ptr; 
....................        #ENDIF 
....................       } 
....................       else 
....................       { 
....................       #IF LONG_POINTERS 
....................       *((int16 *)endptr)= s;  
....................       #ELSE 
....................       *((char *)endptr)=s; 
....................       #ENDIF 
....................       } 
....................    } 
....................  
....................    return(result); 
.................... } 
.................... #endif 
....................  
.................... unsigned long strtoul(char *s, char *endptr, signed int base) 
.................... { 
....................    char *sc,*s1,*sd; 
....................    unsigned long x=0; 
....................    char sign; 
....................    char digits[]="0123456789abcdefghijklmnopqstuvwxyz"; 
....................    for(sc=s;isspace(*sc);++sc); 
....................    sign=*sc=='-'||*sc=='+'?*sc++:'+'; 
....................    if(sign=='-' || base <0 || base ==1|| base >36) // invalid base 
....................    goto StrtoulGO; 
....................  
....................    else if (base) 
....................    { 
....................       if(base==16 && *sc =='0'&&(sc[1]=='x' || sc[1]=='X')) 
....................          sc+=2; 
....................       if(base==8 && *sc =='0') 
....................          sc+=1; 
....................       if(base==2 && *sc =='0'&&sc[1]=='b') 
....................          sc+=2; 
....................  
....................    } 
....................    else if(*sc!='0') // base is 0, find base 
....................       base=10; 
....................    else if (sc[1]=='x' || sc[1]=='X') 
....................       base =16,sc+=2; 
....................    else if(sc[1]=='b') 
....................       base=2,sc+=2; 
....................    else 
....................       base=8; 
....................    for (s1=sc;*sc=='0';++sc);// skip leading zeroes 
....................    sd=memchr(digits,tolower(*sc),base); 
....................    for(; sd!=0; ) 
....................    { 
....................       x=x*base+(int16)(sd-digits); 
....................       ++sc; 
....................       sd=memchr(digits,tolower(*sc),base); 
....................    } 
....................    if(s1==sc) 
....................    { 
....................    StrtoulGO: 
....................       if (endptr) 
....................       { 
....................          #IF LONG_POINTERS 
....................          *((int16 *)endptr)= s;  
....................          #ELSE 
....................          *((char *)endptr)=s; 
....................          #ENDIF 
....................          } 
....................    return 0; 
....................    } 
....................    if (endptr) 
....................    { 
....................          #IF LONG_POINTERS 
....................          *((int16 *)endptr)= sc;  
....................          #ELSE 
....................          *((char *)endptr)=sc;  
....................          #ENDIF 
....................    } 
....................    return x; 
.................... } 
....................  
....................  
.................... signed long strtol(char *s,char *endptr, signed int base) 
.................... { 
....................    char *sc,*s1,*sd; 
....................    signed long x=0; 
....................    char sign; 
....................    char digits[]="0123456789abcdefghijklmnopqstuvwxyz"; 
....................    for(sc=s;isspace(*sc);++sc); 
....................    sign=*sc=='-'||*sc=='+'?*sc++:'+'; 
....................    if (base <0 || base ==1|| base >36) // invalid base 
....................    goto StrtolGO; 
....................    else if (base) 
....................    { 
....................       if(base==16 && *sc =='0'&&(sc[1]=='x' || sc[1]=='X')) 
....................          sc+=2; 
....................       if(base==8 && *sc =='0') 
....................          sc+=1; 
....................       if(base==2 && *sc =='0'&&sc[1]=='b') 
....................          sc+=2; 
....................  
....................    } 
....................    else if(*sc!='0') // base is 0, find base 
....................       base=10; 
....................    else if (sc[1]=='x' || sc[1]=='X') 
....................       base =16,sc+=2; 
....................    else if(sc[1]=='b') 
....................       base=2,sc+=2; 
....................    else 
....................       base=8; 
....................    for (s1=sc;*sc=='0';++sc);// skip leading zeroes 
....................  
....................    sd=memchr(digits,tolower(*sc),base); 
....................    for(;sd!=0;) 
....................    { 
....................       x=x*base+(int16)(sd-digits); 
....................       ++sc; 
....................       sd=memchr(digits,tolower(*sc),base); 
....................    } 
....................    if(s1==sc) 
....................    { 
....................    StrtolGO: 
....................       if (endptr) 
....................       { 
....................          #IF LONG_POINTERS 
....................          *((int16 *)endptr)= s;  
....................          #ELSE 
....................          *((char *)endptr)=s; 
....................          #ENDIF 
....................       } 
....................    return 0; 
....................    } 
....................    if(sign=='-') 
....................       x  =-x; 
....................    if (endptr) 
....................    { 
....................         #IF LONG_POINTERS 
....................          *((int16 *)endptr)= sc;  
....................         #ELSE 
....................         *((char *)endptr)=sc; 
....................         #ENDIF 
....................    } 
....................    return x; 
.................... } 
....................  
.................... signed int8 system(char *string) 
.................... { 
....................    return 0; 
.................... } 
....................  
.................... int8 mblen(char *s,size_t n) 
.................... { 
....................    return strlen(s); 
.................... } 
....................  
.................... int8 mbtowc(wchar_t *pwc,char *s,size_t n) 
.................... { 
....................    *pwc=*s; 
....................    return 1; 
.................... } 
....................  
.................... int8 wctomb(char *s,wchar_t wchar) 
.................... { 
....................    *s=wchar; 
....................    return 1; 
.................... } 
....................  
.................... size_t mbstowcs(wchar_t *pwcs,char *s,size_t n) 
.................... { 
....................    strncpy(pwcs,s,n); 
....................    return strlen(pwcs); 
.................... } 
....................  
.................... size_t wcstombs(char *s,wchar_t *pwcs,size_t n) 
.................... { 
....................    strncpy(s,pwcs,n); 
....................    return strlen(s); 
.................... } 
....................  
.................... //--------------------------------------------------------------------------- 
.................... // The random number implementation 
.................... //--------------------------------------------------------------------------- 
....................  
.................... unsigned int32 _Randseed; 
....................  
.................... unsigned int16 rand(void) 
.................... { 
....................    _Randseed = _Randseed * 1103515245 + 12345; 
....................    return ((unsigned int16)(_Randseed >> 16) % RAND_MAX); 
.................... } 
....................  
.................... void srand(unsigned int32 seed) 
.................... { 
....................    _Randseed = seed; 
.................... } 
....................  
.................... //--------------------------------------------------------------------------- 
.................... // Searching and sorting utilities implementation 
.................... //--------------------------------------------------------------------------- 
....................  
.................... #if !defined(__PCD__) 
.................... typedef signed int8 (*_Cmpfun)(char * p1,char * p2);  
.................... #else  
.................... typedef signed int16 (*_Cmpfun)(char * p1,char * p2);  
.................... #endif 
....................  
....................  
....................  
.................... void qsort(char * qdata, unsigned int qitems, unsigned int qsize, _Cmpfun cmp) { 
....................    unsigned int m,j,i,l; 
....................    int1 done; 
....................    unsigned int8 t[16]; 
....................  
....................    m = qitems/2; 
....................    while( m > 0 ) { 
....................      for(j=0; j<(qitems-m); ++j) { 
....................         i = j; 
....................         do 
....................         { 
....................            done=1; 
....................            l = i+m; 
....................            if( (*cmp)(qdata+i*qsize, qdata+l*qsize) > 0 ) { 
....................               memcpy(t, qdata+i*qsize, qsize); 
....................               memcpy(qdata+i*qsize, qdata+l*qsize, qsize); 
....................               memcpy(qdata+l*qsize, t, qsize); 
....................               if(m <= i) 
....................                 i -= m; 
....................                 done = 0; 
....................            } 
....................         } while(!done); 
....................      } 
....................      m = m/2; 
....................    } 
.................... } 
....................  
....................  
.................... char *bsearch(char *key, char *base, size_t num, size_t width,_Cmpfun cmp) 
.................... { 
....................    char *p, *q; 
....................    size_t n; 
....................    size_t pivot; 
....................    signed int val; 
....................  
....................    p = base; 
....................    n = num; 
....................  
....................    while (n > 0) 
....................    { 
....................       pivot = n >> 1; 
....................       q = p + width * pivot; 
....................  
....................       val = (*cmp)(key, q); 
....................  
....................       if (val < 0) 
....................          n = pivot; 
....................       else if (val == 0) 
....................          return ((char *)q); 
....................       else { 
....................          p = q + width; 
....................          n -= pivot + 1; 
....................       } 
....................    } 
....................  
....................    return NULL;      // There's no match 
.................... } 
....................  
....................  
.................... #endif 
....................  
.................... #use delay(clock=20000000) 
*
002F:  MOVLW  3B
0030:  MOVWF  04
0031:  BCF    03.7
0032:  MOVF   00,W
0033:  BTFSC  03.2
0034:  GOTO   042
0035:  MOVLW  06
0036:  MOVWF  78
0037:  CLRF   77
0038:  DECFSZ 77,F
0039:  GOTO   038
003A:  DECFSZ 78,F
003B:  GOTO   037
003C:  MOVLW  7B
003D:  MOVWF  77
003E:  DECFSZ 77,F
003F:  GOTO   03E
0040:  DECFSZ 00,F
0041:  GOTO   035
0042:  RETURN
.................... #fuses hs,NOWDT,NOPROTECT,NOLVP,NOWRT,NOBROWNOUT 
.................... #byte port_a=5 
.................... #byte port_b=6 
.................... #byte port_c=7 
.................... #byte port_d=8 
.................... int16 time = 1000; 
.................... bool whil=true; 
.................... bool menu=false; 
.................... void mover(pin); 
.................... #INT_EXT 
.................... void EXT_isr(void){ 
....................    menu=false; 
0043:  BCF    30.1
....................    output_low(pin_c0); 
0044:  BCF    31.0
0045:  MOVF   31,W
0046:  BSF    03.5
0047:  MOVWF  07
0048:  BCF    03.5
0049:  BCF    07.0
....................    delay_ms(300); 
004A:  MOVLW  02
004B:  MOVWF  3A
004C:  MOVLW  96
004D:  MOVWF  3B
004E:  CALL   02F
004F:  DECFSZ 3A,F
0050:  GOTO   04C
....................    
0051:  BCF    0B.1
0052:  BCF    0A.3
0053:  BCF    0A.4
0054:  GOTO   01B
.................... } 
....................  
....................  
.................... void main(){ 
*
00C7:  MOVF   03,W
00C8:  ANDLW  1F
00C9:  MOVWF  03
00CA:  MOVLW  03
00CB:  MOVWF  2F
00CC:  MOVLW  E8
00CD:  MOVWF  2E
00CE:  BSF    30.0
00CF:  BCF    30.1
00D0:  MOVLW  FF
00D1:  MOVWF  31
00D2:  BSF    03.5
00D3:  BSF    1F.0
00D4:  BSF    1F.1
00D5:  BSF    1F.2
00D6:  BCF    1F.3
00D7:  MOVLW  07
00D8:  MOVWF  1C
00D9:  BCF    03.7
....................    enable_interrupts(INT_EXT); 
*
00DD:  BSF    0B.4
....................    ext_int_edge(H_TO_L); 
00DE:  BSF    03.5
00DF:  BCF    01.6
....................    enable_interrupts(GLOBAL); 
00E0:  MOVLW  C0
00E1:  BCF    03.5
00E2:  IORWF  0B,F
....................    set_tris_b(0xff); 
00E3:  MOVLW  FF
00E4:  BSF    03.5
00E5:  MOVWF  06
....................    set_tris_d(0x00); 
00E6:  MOVLW  00
00E7:  MOVWF  08
....................    set_tris_c(0x00); 
00E8:  MOVWF  07
00E9:  BCF    03.5
00EA:  MOVWF  31
....................    port_d=0x00; 
00EB:  CLRF   08
....................    port_b=0xff; 
00EC:  MOVLW  FF
00ED:  MOVWF  06
....................    port_c=0x00; 
00EE:  CLRF   07
....................    while(whil){  
00EF:  BTFSS  30.0
00F0:  GOTO   141
....................       if(input(pin_b5)==0){ 
00F1:  BSF    03.5
00F2:  BSF    06.5
00F3:  BCF    03.5
00F4:  BTFSC  06.5
00F5:  GOTO   102
....................         while(input(pin_b5)==0); 
00F6:  BSF    03.5
00F7:  BSF    06.5
00F8:  BCF    03.5
00F9:  BTFSS  06.5
00FA:  GOTO   0F6
....................         output_high(pin_c0); 
00FB:  BCF    31.0
00FC:  MOVF   31,W
00FD:  BSF    03.5
00FE:  MOVWF  07
00FF:  BCF    03.5
0100:  BSF    07.0
....................         menu=true; 
0101:  BSF    30.1
....................       } 
....................       while(menu){ 
0102:  BTFSS  30.1
0103:  GOTO   140
....................        
....................       if(menu && input(pin_b1)==0){ 
0104:  BTFSS  30.1
0105:  GOTO   112
0106:  BSF    03.5
0107:  BSF    06.1
0108:  BCF    03.5
0109:  BTFSC  06.1
010A:  GOTO   112
....................         while(input(pin_b1)==0); 
010B:  BSF    03.5
010C:  BSF    06.1
010D:  BCF    03.5
010E:  BTFSS  06.1
010F:  GOTO   10B
....................         mover(0); 
0110:  CLRF   32
0111:  CALL   075
....................       } 
....................       if(menu && input(pin_b2)==0){ 
0112:  BTFSS  30.1
0113:  GOTO   121
0114:  BSF    03.5
0115:  BSF    06.2
0116:  BCF    03.5
0117:  BTFSC  06.2
0118:  GOTO   121
....................         while(input(pin_b2)==0); 
0119:  BSF    03.5
011A:  BSF    06.2
011B:  BCF    03.5
011C:  BTFSS  06.2
011D:  GOTO   119
....................         mover(1); 
011E:  MOVLW  01
011F:  MOVWF  32
0120:  CALL   075
....................       } 
....................       if(menu && input(pin_b3)==0){ 
0121:  BTFSS  30.1
0122:  GOTO   130
0123:  BSF    03.5
0124:  BSF    06.3
0125:  BCF    03.5
0126:  BTFSC  06.3
0127:  GOTO   130
....................         while(input(pin_b3)==0); 
0128:  BSF    03.5
0129:  BSF    06.3
012A:  BCF    03.5
012B:  BTFSS  06.3
012C:  GOTO   128
....................         mover(2); 
012D:  MOVLW  02
012E:  MOVWF  32
012F:  CALL   075
....................       } 
....................       if(menu && input(pin_b4)==0){ 
0130:  BTFSS  30.1
0131:  GOTO   13F
0132:  BSF    03.5
0133:  BSF    06.4
0134:  BCF    03.5
0135:  BTFSC  06.4
0136:  GOTO   13F
....................         while(input(pin_b1)==0); 
0137:  BSF    03.5
0138:  BSF    06.1
0139:  BCF    03.5
013A:  BTFSS  06.1
013B:  GOTO   137
....................         mover(3); 
013C:  MOVLW  03
013D:  MOVWF  32
013E:  CALL   075
....................       } 
013F:  GOTO   102
....................      } 
0140:  GOTO   0EF
.................... }  
.................... } 
.................... void mover(pin){ 
0141:  SLEEP
....................    output_high(pin_d0 + pin); 
*
0075:  MOVLW  40
0076:  ADDWF  32,W
0077:  MOVWF  33
0078:  MOVWF  34
0079:  MOVLW  01
007A:  MOVWF  35
007B:  CLRF   37
007C:  CLRF   36
007D:  CALL   055
007E:  MOVF   33,W
007F:  MOVWF  34
0080:  CLRF   35
0081:  CLRF   37
0082:  MOVLW  80
0083:  MOVWF  36
0084:  CALL   055
....................    delay_ms(time); 
0085:  MOVF   2F,W
0086:  MOVWF  33
0087:  INCF   33,F
0088:  DECF   33,F
0089:  BTFSC  03.2
008A:  GOTO   095
008B:  CLRF   27
008C:  BTFSC  0B.7
008D:  BSF    27.7
008E:  BCF    0B.7
008F:  MOVLW  FF
0090:  MOVWF  3B
0091:  CALL   02F
0092:  BTFSC  27.7
0093:  BSF    0B.7
0094:  GOTO   088
0095:  CLRF   27
0096:  BTFSC  0B.7
0097:  BSF    27.7
0098:  BCF    0B.7
0099:  MOVF   2E,W
009A:  MOVWF  3B
009B:  CALL   02F
009C:  BTFSC  27.7
009D:  BSF    0B.7
....................    output_low(pin_d0 + pin); 
009E:  MOVLW  40
009F:  ADDWF  32,W
00A0:  MOVWF  33
00A1:  MOVWF  34
00A2:  CLRF   35
00A3:  CLRF   37
00A4:  CLRF   36
00A5:  CALL   055
00A6:  MOVF   33,W
00A7:  MOVWF  34
00A8:  CLRF   35
00A9:  CLRF   37
00AA:  MOVLW  80
00AB:  MOVWF  36
00AC:  CALL   055
....................    delay_ms(time); 
00AD:  MOVF   2F,W
00AE:  MOVWF  33
00AF:  INCF   33,F
00B0:  DECF   33,F
00B1:  BTFSC  03.2
00B2:  GOTO   0BD
00B3:  CLRF   27
00B4:  BTFSC  0B.7
00B5:  BSF    27.7
00B6:  BCF    0B.7
00B7:  MOVLW  FF
00B8:  MOVWF  3B
00B9:  CALL   02F
00BA:  BTFSC  27.7
00BB:  BSF    0B.7
00BC:  GOTO   0B0
00BD:  CLRF   27
00BE:  BTFSC  0B.7
00BF:  BSF    27.7
00C0:  BCF    0B.7
00C1:  MOVF   2E,W
00C2:  MOVWF  3B
00C3:  CALL   02F
00C4:  BTFSC  27.7
00C5:  BSF    0B.7
00C6:  RETURN
.................... } 
....................  

Configuration Fuses:
   Word  1: 3F32   HS NOWDT PUT NOBROWNOUT NOLVP NOCPD NOWRT NODEBUG NOPROTECT
